<?xml version="1.0" encoding="UTF-8"?>
<testsuite xmlns:xsi="http://www.w3.org/2001/XMLSchema-instance" xsi:noNamespaceSchemaLocation="https://maven.apache.org/surefire/maven-surefire-plugin/xsd/surefire-test-report.xsd" name="com.ecc.userservice.UserServiceApplicationTests" time="15.627" tests="1" errors="1" skipped="0" failures="0">
  <properties>
[...]
</properties>
  <testcase name="contextLoads" classname="com.ecc.userservice.UserServiceApplicationTests" time="0.017">
    <error message="Failed to load ApplicationContext" type="java.lang.IllegalStateException">java.lang.IllegalStateException: Failed to load ApplicationContext
Caused by: org.springframework.beans.factory.UnsatisfiedDependencyException: Error creating bean with name 'org.springframework.cloud.netflix.eureka.EurekaDiscoveryClientConfiguration$EurekaClientConfigurationRefresher': Unsatisfied dependency expressed through field 'autoRegistration'; nested exception is org.springframework.beans.factory.UnsatisfiedDependencyException: Error creating bean with name 'eurekaAutoServiceRegistration' defined in class path resource [org/springframework/cloud/netflix/eureka/EurekaClientAutoConfiguration.class]: Unsatisfied dependency expressed through method 'eurekaAutoServiceRegistration' parameter 2; nested exception is org.springframework.beans.factory.UnsatisfiedDependencyException: Error creating bean with name 'eurekaRegistration' defined in class path resource [org/springframework/cloud/netflix/eureka/EurekaClientAutoConfiguration.class]: Unsatisfied dependency expressed through method 'eurekaRegistration' parameter 1; nested exception is org.springframework.beans.factory.BeanCreationException: Error creating bean with name 'eurekaInstanceConfigBean' defined in class path resource [org/springframework/cloud/netflix/eureka/EurekaClientAutoConfiguration.class]: Bean instantiation via factory method failed; nested exception is org.springframework.beans.BeanInstantiationException: Failed to instantiate [org.springframework.cloud.netflix.eureka.EurekaInstanceConfigBean]: Factory method 'eurekaInstanceConfigBean' threw exception; nested exception is java.lang.IllegalArgumentException: Could not resolve placeholder 'spring.cloud.client.ipAddress' in value "${spring.cloud.client.ipAddress}"
Caused by: org.springframework.beans.factory.UnsatisfiedDependencyException: Error creating bean with name 'eurekaAutoServiceRegistration' defined in class path resource [org/springframework/cloud/netflix/eureka/EurekaClientAutoConfiguration.class]: Unsatisfied dependency expressed through method 'eurekaAutoServiceRegistration' parameter 2; nested exception is org.springframework.beans.factory.UnsatisfiedDependencyException: Error creating bean with name 'eurekaRegistration' defined in class path resource [org/springframework/cloud/netflix/eureka/EurekaClientAutoConfiguration.class]: Unsatisfied dependency expressed through method 'eurekaRegistration' parameter 1; nested exception is org.springframework.beans.factory.BeanCreationException: Error creating bean with name 'eurekaInstanceConfigBean' defined in class path resource [org/springframework/cloud/netflix/eureka/EurekaClientAutoConfiguration.class]: Bean instantiation via factory method failed; nested exception is org.springframework.beans.BeanInstantiationException: Failed to instantiate [org.springframework.cloud.netflix.eureka.EurekaInstanceConfigBean]: Factory method 'eurekaInstanceConfigBean' threw exception; nested exception is java.lang.IllegalArgumentException: Could not resolve placeholder 'spring.cloud.client.ipAddress' in value "${spring.cloud.client.ipAddress}"
Caused by: org.springframework.beans.factory.UnsatisfiedDependencyException: Error creating bean with name 'eurekaRegistration' defined in class path resource [org/springframework/cloud/netflix/eureka/EurekaClientAutoConfiguration.class]: Unsatisfied dependency expressed through method 'eurekaRegistration' parameter 1; nested exception is org.springframework.beans.factory.BeanCreationException: Error creating bean with name 'eurekaInstanceConfigBean' defined in class path resource [org/springframework/cloud/netflix/eureka/EurekaClientAutoConfiguration.class]: Bean instantiation via factory method failed; nested exception is org.springframework.beans.BeanInstantiationException: Failed to instantiate [org.springframework.cloud.netflix.eureka.EurekaInstanceConfigBean]: Factory method 'eurekaInstanceConfigBean' threw exception; nested exception is java.lang.IllegalArgumentException: Could not resolve placeholder 'spring.cloud.client.ipAddress' in value "${spring.cloud.client.ipAddress}"
Caused by: org.springframework.beans.factory.BeanCreationException: Error creating bean with name 'eurekaInstanceConfigBean' defined in class path resource [org/springframework/cloud/netflix/eureka/EurekaClientAutoConfiguration.class]: Bean instantiation via factory method failed; nested exception is org.springframework.beans.BeanInstantiationException: Failed to instantiate [org.springframework.cloud.netflix.eureka.EurekaInstanceConfigBean]: Factory method 'eurekaInstanceConfigBean' threw exception; nested exception is java.lang.IllegalArgumentException: Could not resolve placeholder 'spring.cloud.client.ipAddress' in value "${spring.cloud.client.ipAddress}"
Caused by: org.springframework.beans.BeanInstantiationException: Failed to instantiate [org.springframework.cloud.netflix.eureka.EurekaInstanceConfigBean]: Factory method 'eurekaInstanceConfigBean' threw exception; nested exception is java.lang.IllegalArgumentException: Could not resolve placeholder 'spring.cloud.client.ipAddress' in value "${spring.cloud.client.ipAddress}"
Caused by: java.lang.IllegalArgumentException: Could not resolve placeholder 'spring.cloud.client.ipAddress' in value "${spring.cloud.client.ipAddress}"
</error>
    <system-out><![CDATA[14:47:28.983 [main] DEBUG org.springframework.test.context.junit4.SpringJUnit4ClassRunner - SpringJUnit4ClassRunner constructor called with [class com.ecc.userservice.UserServiceApplicationTests]
14:47:28.993 [main] DEBUG org.springframework.test.context.BootstrapUtils - Instantiating CacheAwareContextLoaderDelegate from class [org.springframework.test.context.cache.DefaultCacheAwareContextLoaderDelegate]
14:47:29.004 [main] DEBUG org.springframework.test.context.BootstrapUtils - Instantiating BootstrapContext using constructor [public org.springframework.test.context.support.DefaultBootstrapContext(java.lang.Class,org.springframework.test.context.CacheAwareContextLoaderDelegate)]
14:47:29.032 [main] DEBUG org.springframework.test.context.BootstrapUtils - Instantiating TestContextBootstrapper for test class [com.ecc.userservice.UserServiceApplicationTests] from class [org.springframework.boot.test.context.SpringBootTestContextBootstrapper]
14:47:29.060 [main] INFO org.springframework.boot.test.context.SpringBootTestContextBootstrapper - Neither @ContextConfiguration nor @ContextHierarchy found for test class [com.ecc.userservice.UserServiceApplicationTests], using SpringBootContextLoader
14:47:29.064 [main] DEBUG org.springframework.test.context.support.AbstractContextLoader - Did not detect default resource location for test class [com.ecc.userservice.UserServiceApplicationTests]: class path resource [com/ecc/userservice/UserServiceApplicationTests-context.xml] does not exist
14:47:29.066 [main] DEBUG org.springframework.test.context.support.AbstractContextLoader - Did not detect default resource location for test class [com.ecc.userservice.UserServiceApplicationTests]: class path resource [com/ecc/userservice/UserServiceApplicationTestsContext.groovy] does not exist
14:47:29.066 [main] INFO org.springframework.test.context.support.AbstractContextLoader - Could not detect default resource locations for test class [com.ecc.userservice.UserServiceApplicationTests]: no resource found for suffixes {-context.xml, Context.groovy}.
14:47:29.069 [main] INFO org.springframework.test.context.support.AnnotationConfigContextLoaderUtils - Could not detect default configuration classes for test class [com.ecc.userservice.UserServiceApplicationTests]: UserServiceApplicationTests does not declare any static, non-private, non-final, nested classes annotated with @Configuration.
14:47:29.148 [main] DEBUG org.springframework.test.context.support.ActiveProfilesUtils - Could not find an 'annotation declaring class' for annotation type [org.springframework.test.context.ActiveProfiles] and class [com.ecc.userservice.UserServiceApplicationTests]
14:47:29.158 [main] DEBUG org.springframework.core.env.StandardEnvironment - Adding PropertySource 'systemProperties' with lowest search precedence
14:47:29.158 [main] DEBUG org.springframework.core.env.StandardEnvironment - Adding PropertySource 'systemEnvironment' with lowest search precedence
14:47:29.159 [main] DEBUG org.springframework.core.env.StandardEnvironment - Initialized StandardEnvironment with PropertySources [MapPropertySource@1147258851 {name='systemProperties', properties={idea.version=2017.2.6, java.runtime.name=Java(TM) SE Runtime Environment, sun.boot.library.path=/Library/Java/JavaVirtualMachines/jdk1.8.0_111.jdk/Contents/Home/jre/lib, java.vm.version=25.111-b14, gopherProxySet=false, java.vm.vendor=Oracle Corporation, java.vendor.url=http://java.oracle.com/, path.separator=:, java.vm.name=Java HotSpot(TM) 64-Bit Server VM, file.encoding.pkg=sun.io, user.country=CN, sun.java.launcher=SUN_STANDARD, sun.os.patch.level=unknown, java.vm.specification.name=Java Virtual Machine Specification, user.dir=/Users/zhouzhixuan/IdeaProjects/ECC/central-services/user-service, java.runtime.version=1.8.0_111-b14, basedir=/Users/zhouzhixuan/IdeaProjects/ECC/central-services/user-service, java.awt.graphicsenv=sun.awt.CGraphicsEnvironment, java.endorsed.dirs=/Library/Java/JavaVirtualMachines/jdk1.8.0_111.jdk/Contents/Home/jre/lib/endorsed, os.arch=x86_64, surefire.real.class.path=/Users/zhouzhixuan/IdeaProjects/ECC/central-services/user-service/target/surefire/surefirebooter1824758799676627997.jar, java.io.tmpdir=/var/folders/dx/dbl01sbx6dxcxnqvpjj10s8m0000gn/T/, line.separator=
, socksProxyPort=9091, java.vm.specification.vendor=Oracle Corporation, https.proxyHost=127.0.0.1, os.name=Mac OS X, sun.jnu.encoding=UTF-8, java.library.path=/Users/zhouzhixuan/Library/Java/Extensions:/Library/Java/Extensions:/Network/Library/Java/Extensions:/System/Library/Java/Extensions:/usr/lib/java:., http.proxyPort=9090, surefire.test.class.path=/Users/zhouzhixuan/IdeaProjects/ECC/central-services/user-service/target/test-classes:/Users/zhouzhixuan/IdeaProjects/ECC/central-services/user-service/target/classes:/Users/zhouzhixuan/.m2/repository/org/springframework/boot/spring-boot-starter-jdbc/2.0.1.RELEASE/spring-boot-starter-jdbc-2.0.1.RELEASE.jar:/Users/zhouzhixuan/.m2/repository/org/springframework/boot/spring-boot-starter/2.0.1.RELEASE/spring-boot-starter-2.0.1.RELEASE.jar:/Users/zhouzhixuan/.m2/repository/org/springframework/boot/spring-boot/2.0.1.RELEASE/spring-boot-2.0.1.RELEASE.jar:/Users/zhouzhixuan/.m2/repository/org/springframework/boot/spring-boot-autoconfigure/2.0.1.RELEASE/spring-boot-autoconfigure-2.0.1.RELEASE.jar:/Users/zhouzhixuan/.m2/repository/org/springframework/boot/spring-boot-starter-logging/2.0.1.RELEASE/spring-boot-starter-logging-2.0.1.RELEASE.jar:/Users/zhouzhixuan/.m2/repository/ch/qos/logback/logback-classic/1.2.3/logback-classic-1.2.3.jar:/Users/zhouzhixuan/.m2/repository/ch/qos/logback/logback-core/1.2.3/logback-core-1.2.3.jar:/Users/zhouzhixuan/.m2/repository/org/apache/logging/log4j/log4j-to-slf4j/2.10.0/log4j-to-slf4j-2.10.0.jar:/Users/zhouzhixuan/.m2/repository/org/apache/logging/log4j/log4j-api/2.10.0/log4j-api-2.10.0.jar:/Users/zhouzhixuan/.m2/repository/org/slf4j/jul-to-slf4j/1.7.25/jul-to-slf4j-1.7.25.jar:/Users/zhouzhixuan/.m2/repository/javax/annotation/javax.annotation-api/1.3.2/javax.annotation-api-1.3.2.jar:/Users/zhouzhixuan/.m2/repository/org/yaml/snakeyaml/1.19/snakeyaml-1.19.jar:/Users/zhouzhixuan/.m2/repository/org/springframework/spring-jdbc/5.0.5.RELEASE/spring-jdbc-5.0.5.RELEASE.jar:/Users/zhouzhixuan/.m2/repository/org/springframework/spring-beans/5.0.5.RELEASE/spring-beans-5.0.5.RELEASE.jar:/Users/zhouzhixuan/.m2/repository/org/springframework/spring-tx/5.0.5.RELEASE/spring-tx-5.0.5.RELEASE.jar:/Users/zhouzhixuan/.m2/repository/org/mybatis/spring/boot/mybatis-spring-boot-starter/1.3.2/mybatis-spring-boot-starter-1.3.2.jar:/Users/zhouzhixuan/.m2/repository/org/mybatis/spring/boot/mybatis-spring-boot-autoconfigure/1.3.2/mybatis-spring-boot-autoconfigure-1.3.2.jar:/Users/zhouzhixuan/.m2/repository/org/mybatis/mybatis/3.4.6/mybatis-3.4.6.jar:/Users/zhouzhixuan/.m2/repository/org/mybatis/mybatis-spring/1.3.2/mybatis-spring-1.3.2.jar:/Users/zhouzhixuan/.m2/repository/org/springframework/cloud/spring-cloud-starter-netflix-eureka-client/2.0.0.BUILD-SNAPSHOT/spring-cloud-starter-netflix-eureka-client-2.0.0.BUILD-SNAPSHOT.jar:/Users/zhouzhixuan/.m2/repository/org/springframework/cloud/spring-cloud-starter/2.0.0.BUILD-SNAPSHOT/spring-cloud-starter-2.0.0.BUILD-SNAPSHOT.jar:/Users/zhouzhixuan/.m2/repository/org/springframework/cloud/spring-cloud-context/2.0.0.BUILD-SNAPSHOT/spring-cloud-context-2.0.0.BUILD-SNAPSHOT.jar:/Users/zhouzhixuan/.m2/repository/org/springframework/security/spring-security-rsa/1.0.5.RELEASE/spring-security-rsa-1.0.5.RELEASE.jar:/Users/zhouzhixuan/.m2/repository/org/bouncycastle/bcpkix-jdk15on/1.56/bcpkix-jdk15on-1.56.jar:/Users/zhouzhixuan/.m2/repository/org/bouncycastle/bcprov-jdk15on/1.56/bcprov-jdk15on-1.56.jar:/Users/zhouzhixuan/.m2/repository/org/springframework/cloud/spring-cloud-netflix-core/2.0.0.BUILD-SNAPSHOT/spring-cloud-netflix-core-2.0.0.BUILD-SNAPSHOT.jar:/Users/zhouzhixuan/.m2/repository/org/springframework/boot/spring-boot-starter-aop/2.0.1.RELEASE/spring-boot-starter-aop-2.0.1.RELEASE.jar:/Users/zhouzhixuan/.m2/repository/org/springframework/cloud/spring-cloud-netflix-eureka-client/2.0.0.BUILD-SNAPSHOT/spring-cloud-netflix-eureka-client-2.0.0.BUILD-SNAPSHOT.jar:/Users/zhouzhixuan/.m2/repository/com/netflix/eureka/eureka-client/1.8.7/eureka-client-1.8.7.jar:/Users/zhouzhixuan/.m2/repository/org/codehaus/jettison/jettison/1.3.7/jettison-1.3.7.jar:/Users/zhouzhixuan/.m2/repository/stax/stax-api/1.0.1/stax-api-1.0.1.jar:/Users/zhouzhixuan/.m2/repository/com/netflix/netflix-commons/netflix-eventbus/0.3.0/netflix-eventbus-0.3.0.jar:/Users/zhouzhixuan/.m2/repository/com/netflix/netflix-commons/netflix-infix/0.3.0/netflix-infix-0.3.0.jar:/Users/zhouzhixuan/.m2/repository/commons-jxpath/commons-jxpath/1.3/commons-jxpath-1.3.jar:/Users/zhouzhixuan/.m2/repository/joda-time/joda-time/2.9.9/joda-time-2.9.9.jar:/Users/zhouzhixuan/.m2/repository/org/antlr/antlr-runtime/3.4/antlr-runtime-3.4.jar:/Users/zhouzhixuan/.m2/repository/org/antlr/stringtemplate/3.2.1/stringtemplate-3.2.1.jar:/Users/zhouzhixuan/.m2/repository/antlr/antlr/2.7.7/antlr-2.7.7.jar:/Users/zhouzhixuan/.m2/repository/org/apache/commons/commons-math/2.2/commons-math-2.2.jar:/Users/zhouzhixuan/.m2/repository/com/netflix/archaius/archaius-core/0.7.5/archaius-core-0.7.5.jar:/Users/zhouzhixuan/.m2/repository/javax/ws/rs/jsr311-api/1.1.1/jsr311-api-1.1.1.jar:/Users/zhouzhixuan/.m2/repository/com/netflix/servo/servo-core/0.10.1/servo-core-0.10.1.jar:/Users/zhouzhixuan/.m2/repository/com/netflix/servo/servo-internal/0.10.1/servo-internal-0.10.1.jar:/Users/zhouzhixuan/.m2/repository/com/sun/jersey/jersey-core/1.19.1/jersey-core-1.19.1.jar:/Users/zhouzhixuan/.m2/repository/com/sun/jersey/jersey-client/1.19.1/jersey-client-1.19.1.jar:/Users/zhouzhixuan/.m2/repository/com/sun/jersey/contribs/jersey-apache-client4/1.19.1/jersey-apache-client4-1.19.1.jar:/Users/zhouzhixuan/.m2/repository/org/apache/httpcomponents/httpclient/4.5.5/httpclient-4.5.5.jar:/Users/zhouzhixuan/.m2/repository/org/apache/httpcomponents/httpcore/4.4.9/httpcore-4.4.9.jar:/Users/zhouzhixuan/.m2/repository/commons-codec/commons-codec/1.11/commons-codec-1.11.jar:/Users/zhouzhixuan/.m2/repository/com/google/inject/guice/4.1.0/guice-4.1.0.jar:/Users/zhouzhixuan/.m2/repository/javax/inject/javax.inject/1/javax.inject-1.jar:/Users/zhouzhixuan/.m2/repository/aopalliance/aopalliance/1.0/aopalliance-1.0.jar:/Users/zhouzhixuan/.m2/repository/com/github/vlsi/compactmap/compactmap/1.2.1/compactmap-1.2.1.jar:/Users/zhouzhixuan/.m2/repository/com/github/andrewoma/dexx/dexx-collections/0.2/dexx-collections-0.2.jar:/Users/zhouzhixuan/.m2/repository/com/fasterxml/jackson/core/jackson-annotations/2.9.0/jackson-annotations-2.9.0.jar:/Users/zhouzhixuan/.m2/repository/com/fasterxml/jackson/core/jackson-core/2.9.3/jackson-core-2.9.3.jar:/Users/zhouzhixuan/.m2/repository/com/fasterxml/jackson/core/jackson-databind/2.9.3/jackson-databind-2.9.3.jar:/Users/zhouzhixuan/.m2/repository/com/netflix/eureka/eureka-core/1.8.7/eureka-core-1.8.7.jar:/Users/zhouzhixuan/.m2/repository/org/codehaus/woodstox/woodstox-core-asl/4.4.1/woodstox-core-asl-4.4.1.jar:/Users/zhouzhixuan/.m2/repository/javax/xml/stream/stax-api/1.0-2/stax-api-1.0-2.jar:/Users/zhouzhixuan/.m2/repository/org/codehaus/woodstox/stax2-api/3.1.4/stax2-api-3.1.4.jar:/Users/zhouzhixuan/.m2/repository/org/springframework/cloud/spring-cloud-starter-netflix-archaius/2.0.0.BUILD-SNAPSHOT/spring-cloud-starter-netflix-archaius-2.0.0.BUILD-SNAPSHOT.jar:/Users/zhouzhixuan/.m2/repository/org/springframework/cloud/spring-cloud-netflix-archaius/2.0.0.BUILD-SNAPSHOT/spring-cloud-netflix-archaius-2.0.0.BUILD-SNAPSHOT.jar:/Users/zhouzhixuan/.m2/repository/commons-configuration/commons-configuration/1.8/commons-configuration-1.8.jar:/Users/zhouzhixuan/.m2/repository/commons-lang/commons-lang/2.6/commons-lang-2.6.jar:/Users/zhouzhixuan/.m2/repository/com/google/guava/guava/18.0/guava-18.0.jar:/Users/zhouzhixuan/.m2/repository/org/springframework/cloud/spring-cloud-starter-netflix-ribbon/2.0.0.BUILD-SNAPSHOT/spring-cloud-starter-netflix-ribbon-2.0.0.BUILD-SNAPSHOT.jar:/Users/zhouzhixuan/.m2/repository/com/netflix/ribbon/ribbon/2.2.5/ribbon-2.2.5.jar:/Users/zhouzhixuan/.m2/repository/com/netflix/ribbon/ribbon-transport/2.2.5/ribbon-transport-2.2.5.jar:/Users/zhouzhixuan/.m2/repository/io/reactivex/rxnetty-contexts/0.4.9/rxnetty-contexts-0.4.9.jar:/Users/zhouzhixuan/.m2/repository/io/reactivex/rxnetty-servo/0.4.9/rxnetty-servo-0.4.9.jar:/Users/zhouzhixuan/.m2/repository/io/reactivex/rxnetty/0.4.9/rxnetty-0.4.9.jar:/Users/zhouzhixuan/.m2/repository/io/netty/netty-codec-http/4.1.23.Final/netty-codec-http-4.1.23.Final.jar:/Users/zhouzhixuan/.m2/repository/io/netty/netty-codec/4.1.23.Final/netty-codec-4.1.23.Final.jar:/Users/zhouzhixuan/.m2/repository/io/netty/netty-transport-native-epoll/4.1.23.Final/netty-transport-native-epoll-4.1.23.Final.jar:/Users/zhouzhixuan/.m2/repository/io/netty/netty-common/4.1.23.Final/netty-common-4.1.23.Final.jar:/Users/zhouzhixuan/.m2/repository/io/netty/netty-buffer/4.1.23.Final/netty-buffer-4.1.23.Final.jar:/Users/zhouzhixuan/.m2/repository/io/netty/netty-transport-native-unix-common/4.1.23.Final/netty-transport-native-unix-common-4.1.23.Final.jar:/Users/zhouzhixuan/.m2/repository/io/netty/netty-transport/4.1.23.Final/netty-transport-4.1.23.Final.jar:/Users/zhouzhixuan/.m2/repository/io/netty/netty-resolver/4.1.23.Final/netty-resolver-4.1.23.Final.jar:/Users/zhouzhixuan/.m2/repository/com/netflix/ribbon/ribbon-core/2.2.5/ribbon-core-2.2.5.jar:/Users/zhouzhixuan/.m2/repository/com/netflix/ribbon/ribbon-httpclient/2.2.5/ribbon-httpclient-2.2.5.jar:/Users/zhouzhixuan/.m2/repository/commons-collections/commons-collections/3.2.2/commons-collections-3.2.2.jar:/Users/zhouzhixuan/.m2/repository/com/netflix/netflix-commons/netflix-commons-util/0.1.1/netflix-commons-util-0.1.1.jar:/Users/zhouzhixuan/.m2/repository/com/netflix/ribbon/ribbon-loadbalancer/2.2.5/ribbon-loadbalancer-2.2.5.jar:/Users/zhouzhixuan/.m2/repository/com/netflix/netflix-commons/netflix-statistics/0.1.1/netflix-statistics-0.1.1.jar:/Users/zhouzhixuan/.m2/repository/io/reactivex/rxjava/1.3.8/rxjava-1.3.8.jar:/Users/zhouzhixuan/.m2/repository/com/netflix/ribbon/ribbon-eureka/2.2.5/ribbon-eureka-2.2.5.jar:/Users/zhouzhixuan/.m2/repository/com/thoughtworks/xstream/xstream/1.4.10/xstream-1.4.10.jar:/Users/zhouzhixuan/.m2/repository/xmlpull/xmlpull/1.1.3.1/xmlpull-1.1.3.1.jar:/Users/zhouzhixuan/.m2/repository/xpp3/xpp3_min/1.1.4c/xpp3_min-1.1.4c.jar:/Users/zhouzhixuan/.m2/repository/org/springframework/cloud/spring-cloud-starter-netflix-hystrix/2.0.0.BUILD-SNAPSHOT/spring-cloud-starter-netflix-hystrix-2.0.0.BUILD-SNAPSHOT.jar:/Users/zhouzhixuan/.m2/repository/org/springframework/cloud/spring-cloud-netflix-ribbon/2.0.0.BUILD-SNAPSHOT/spring-cloud-netflix-ribbon-2.0.0.BUILD-SNAPSHOT.jar:/Users/zhouzhixuan/.m2/repository/com/netflix/hystrix/hystrix-core/1.5.12/hystrix-core-1.5.12.jar:/Users/zhouzhixuan/.m2/repository/org/hdrhistogram/HdrHistogram/2.1.9/HdrHistogram-2.1.9.jar:/Users/zhouzhixuan/.m2/repository/com/netflix/hystrix/hystrix-serialization/1.5.12/hystrix-serialization-1.5.12.jar:/Users/zhouzhixuan/.m2/repository/com/fasterxml/jackson/module/jackson-module-afterburner/2.9.3/jackson-module-afterburner-2.9.3.jar:/Users/zhouzhixuan/.m2/repository/com/netflix/hystrix/hystrix-metrics-event-stream/1.5.12/hystrix-metrics-event-stream-1.5.12.jar:/Users/zhouzhixuan/.m2/repository/com/netflix/hystrix/hystrix-javanica/1.5.12/hystrix-javanica-1.5.12.jar:/Users/zhouzhixuan/.m2/repository/org/apache/commons/commons-lang3/3.7/commons-lang3-3.7.jar:/Users/zhouzhixuan/.m2/repository/org/ow2/asm/asm/5.0.4/asm-5.0.4.jar:/Users/zhouzhixuan/.m2/repository/org/aspectj/aspectjweaver/1.8.13/aspectjweaver-1.8.13.jar:/Users/zhouzhixuan/.m2/repository/io/reactivex/rxjava-reactive-streams/1.2.1/rxjava-reactive-streams-1.2.1.jar:/Users/zhouzhixuan/.m2/repository/org/reactivestreams/reactive-streams/1.0.2/reactive-streams-1.0.2.jar:/Users/zhouzhixuan/.m2/repository/org/springframework/cloud/spring-cloud-starter-openfeign/2.0.0.BUILD-SNAPSHOT/spring-cloud-starter-openfeign-2.0.0.BUILD-SNAPSHOT.jar:/Users/zhouzhixuan/.m2/repository/org/springframework/cloud/spring-cloud-openfeign-core/2.0.0.BUILD-SNAPSHOT/spring-cloud-openfeign-core-2.0.0.BUILD-SNAPSHOT.jar:/Users/zhouzhixuan/.m2/repository/org/springframework/spring-web/5.0.5.RELEASE/spring-web-5.0.5.RELEASE.jar:/Users/zhouzhixuan/.m2/repository/org/springframework/cloud/spring-cloud-commons/2.0.0.BUILD-SNAPSHOT/spring-cloud-commons-2.0.0.BUILD-SNAPSHOT.jar:/Users/zhouzhixuan/.m2/repository/org/springframework/security/spring-security-crypto/5.0.4.RELEASE/spring-security-crypto-5.0.4.RELEASE.jar:/Users/zhouzhixuan/.m2/repository/io/github/openfeign/feign-core/9.5.1/feign-core-9.5.1.jar:/Users/zhouzhixuan/.m2/repository/io/github/openfeign/feign-slf4j/9.5.1/feign-slf4j-9.5.1.jar:/Users/zhouzhixuan/.m2/repository/io/github/openfeign/feign-hystrix/9.5.1/feign-hystrix-9.5.1.jar:/Users/zhouzhixuan/.m2/repository/io/github/openfeign/feign-java8/9.5.1/feign-java8-9.5.1.jar:/Users/zhouzhixuan/.m2/repository/org/springframework/boot/spring-boot-starter-web/2.0.1.RELEASE/spring-boot-starter-web-2.0.1.RELEASE.jar:/Users/zhouzhixuan/.m2/repository/org/springframework/boot/spring-boot-starter-json/2.0.1.RELEASE/spring-boot-starter-json-2.0.1.RELEASE.jar:/Users/zhouzhixuan/.m2/repository/com/fasterxml/jackson/datatype/jackson-datatype-jdk8/2.9.3/jackson-datatype-jdk8-2.9.3.jar:/Users/zhouzhixuan/.m2/repository/com/fasterxml/jackson/datatype/jackson-datatype-jsr310/2.9.3/jackson-datatype-jsr310-2.9.3.jar:/Users/zhouzhixuan/.m2/repository/com/fasterxml/jackson/module/jackson-module-parameter-names/2.9.3/jackson-module-parameter-names-2.9.3.jar:/Users/zhouzhixuan/.m2/repository/org/springframework/boot/spring-boot-starter-tomcat/2.0.1.RELEASE/spring-boot-starter-tomcat-2.0.1.RELEASE.jar:/Users/zhouzhixuan/.m2/repository/org/apache/tomcat/embed/tomcat-embed-core/8.5.29/tomcat-embed-core-8.5.29.jar:/Users/zhouzhixuan/.m2/repository/org/apache/tomcat/embed/tomcat-embed-el/8.5.29/tomcat-embed-el-8.5.29.jar:/Users/zhouzhixuan/.m2/repository/org/apache/tomcat/embed/tomcat-embed-websocket/8.5.29/tomcat-embed-websocket-8.5.29.jar:/Users/zhouzhixuan/.m2/repository/org/hibernate/validator/hibernate-validator/6.0.9.Final/hibernate-validator-6.0.9.Final.jar:/Users/zhouzhixuan/.m2/repository/javax/validation/validation-api/2.0.1.Final/validation-api-2.0.1.Final.jar:/Users/zhouzhixuan/.m2/repository/org/jboss/logging/jboss-logging/3.3.2.Final/jboss-logging-3.3.2.Final.jar:/Users/zhouzhixuan/.m2/repository/com/fasterxml/classmate/1.3.4/classmate-1.3.4.jar:/Users/zhouzhixuan/.m2/repository/org/springframework/spring-webmvc/5.0.5.RELEASE/spring-webmvc-5.0.5.RELEASE.jar:/Users/zhouzhixuan/.m2/repository/org/springframework/spring-aop/5.0.5.RELEASE/spring-aop-5.0.5.RELEASE.jar:/Users/zhouzhixuan/.m2/repository/org/springframework/spring-context/5.0.5.RELEASE/spring-context-5.0.5.RELEASE.jar:/Users/zhouzhixuan/.m2/repository/org/springframework/spring-expression/5.0.5.RELEASE/spring-expression-5.0.5.RELEASE.jar:/Users/zhouzhixuan/.m2/repository/mysql/mysql-connector-java/5.1.46/mysql-connector-java-5.1.46.jar:/Users/zhouzhixuan/.m2/repository/com/zaxxer/HikariCP/2.7.8/HikariCP-2.7.8.jar:/Users/zhouzhixuan/.m2/repository/org/slf4j/slf4j-api/1.7.25/slf4j-api-1.7.25.jar:/Users/zhouzhixuan/.m2/repository/org/springframework/boot/spring-boot-configuration-processor/2.0.1.RELEASE/spring-boot-configuration-processor-2.0.1.RELEASE.jar:/Users/zhouzhixuan/.m2/repository/org/projectlombok/lombok/1.16.20/lombok-1.16.20.jar:/Users/zhouzhixuan/.m2/repository/org/springframework/boot/spring-boot-starter-test/2.0.1.RELEASE/spring-boot-starter-test-2.0.1.RELEASE.jar:/Users/zhouzhixuan/.m2/repository/org/springframework/boot/spring-boot-test/2.0.1.RELEASE/spring-boot-test-2.0.1.RELEASE.jar:/Users/zhouzhixuan/.m2/repository/org/springframework/boot/spring-boot-test-autoconfigure/2.0.1.RELEASE/spring-boot-test-autoconfigure-2.0.1.RELEASE.jar:/Users/zhouzhixuan/.m2/repository/com/jayway/jsonpath/json-path/2.4.0/json-path-2.4.0.jar:/Users/zhouzhixuan/.m2/repository/net/minidev/json-smart/2.3/json-smart-2.3.jar:/Users/zhouzhixuan/.m2/repository/net/minidev/accessors-smart/1.2/accessors-smart-1.2.jar:/Users/zhouzhixuan/.m2/repository/org/assertj/assertj-core/3.9.1/assertj-core-3.9.1.jar:/Users/zhouzhixuan/.m2/repository/org/mockito/mockito-core/2.15.0/mockito-core-2.15.0.jar:/Users/zhouzhixuan/.m2/repository/net/bytebuddy/byte-buddy/1.7.11/byte-buddy-1.7.11.jar:/Users/zhouzhixuan/.m2/repository/net/bytebuddy/byte-buddy-agent/1.7.11/byte-buddy-agent-1.7.11.jar:/Users/zhouzhixuan/.m2/repository/org/objenesis/objenesis/2.6/objenesis-2.6.jar:/Users/zhouzhixuan/.m2/repository/org/hamcrest/hamcrest-core/1.3/hamcrest-core-1.3.jar:/Users/zhouzhixuan/.m2/repository/org/hamcrest/hamcrest-library/1.3/hamcrest-library-1.3.jar:/Users/zhouzhixuan/.m2/repository/org/skyscreamer/jsonassert/1.5.0/jsonassert-1.5.0.jar:/Users/zhouzhixuan/.m2/repository/com/vaadin/external/google/android-json/0.0.20131108.vaadin1/android-json-0.0.20131108.vaadin1.jar:/Users/zhouzhixuan/.m2/repository/org/springframework/spring-core/5.0.5.RELEASE/spring-core-5.0.5.RELEASE.jar:/Users/zhouzhixuan/.m2/repository/org/springframework/spring-jcl/5.0.5.RELEASE/spring-jcl-5.0.5.RELEASE.jar:/Users/zhouzhixuan/.m2/repository/org/springframework/spring-test/5.0.5.RELEASE/spring-test-5.0.5.RELEASE.jar:/Users/zhouzhixuan/.m2/repository/org/xmlunit/xmlunit-core/2.5.1/xmlunit-core-2.5.1.jar:/Users/zhouzhixuan/.m2/repository/junit/junit/4.12/junit-4.12.jar:/Users/zhouzhixuan/.m2/repository/javax/servlet/javax.servlet-api/3.1.0/javax.servlet-api-3.1.0.jar:/Users/zhouzhixuan/.m2/repository/com/google/code/gson/gson/2.8.2/gson-2.8.2.jar:/Users/zhouzhixuan/.m2/repository/commons-fileupload/commons-fileupload/1.3.3/commons-fileupload-1.3.3.jar:/Users/zhouzhixuan/.m2/repository/commons-io/commons-io/2.2/commons-io-2.2.jar:, java.specification.name=Java Platform API Specification, java.class.version=52.0, sun.management.compiler=HotSpot 64-Bit Tiered Compilers, os.version=10.12.6, http.nonProxyHosts=192.168.0.0/16|*.192.168.0.0/16|10.0.0.0/8|*.10.0.0.0/8|172.16.0.0/12|*.172.16.0.0/12|127.0.0.1|localhost|*.localhost|local|*.local, user.home=/Users/zhouzhixuan, user.timezone=Asia/Shanghai, java.awt.printerjob=sun.lwawt.macosx.CPrinterJob, file.encoding=UTF-8, java.specification.version=1.8, java.class.path=/Users/zhouzhixuan/IdeaProjects/ECC/central-services/user-service/target/test-classes:/Users/zhouzhixuan/IdeaProjects/ECC/central-services/user-service/target/classes:/Users/zhouzhixuan/.m2/repository/org/springframework/boot/spring-boot-starter-jdbc/2.0.1.RELEASE/spring-boot-starter-jdbc-2.0.1.RELEASE.jar:/Users/zhouzhixuan/.m2/repository/org/springframework/boot/spring-boot-starter/2.0.1.RELEASE/spring-boot-starter-2.0.1.RELEASE.jar:/Users/zhouzhixuan/.m2/repository/org/springframework/boot/spring-boot/2.0.1.RELEASE/spring-boot-2.0.1.RELEASE.jar:/Users/zhouzhixuan/.m2/repository/org/springframework/boot/spring-boot-autoconfigure/2.0.1.RELEASE/spring-boot-autoconfigure-2.0.1.RELEASE.jar:/Users/zhouzhixuan/.m2/repository/org/springframework/boot/spring-boot-starter-logging/2.0.1.RELEASE/spring-boot-starter-logging-2.0.1.RELEASE.jar:/Users/zhouzhixuan/.m2/repository/ch/qos/logback/logback-classic/1.2.3/logback-classic-1.2.3.jar:/Users/zhouzhixuan/.m2/repository/ch/qos/logback/logback-core/1.2.3/logback-core-1.2.3.jar:/Users/zhouzhixuan/.m2/repository/org/apache/logging/log4j/log4j-to-slf4j/2.10.0/log4j-to-slf4j-2.10.0.jar:/Users/zhouzhixuan/.m2/repository/org/apache/logging/log4j/log4j-api/2.10.0/log4j-api-2.10.0.jar:/Users/zhouzhixuan/.m2/repository/org/slf4j/jul-to-slf4j/1.7.25/jul-to-slf4j-1.7.25.jar:/Users/zhouzhixuan/.m2/repository/javax/annotation/javax.annotation-api/1.3.2/javax.annotation-api-1.3.2.jar:/Users/zhouzhixuan/.m2/repository/org/yaml/snakeyaml/1.19/snakeyaml-1.19.jar:/Users/zhouzhixuan/.m2/repository/org/springframework/spring-jdbc/5.0.5.RELEASE/spring-jdbc-5.0.5.RELEASE.jar:/Users/zhouzhixuan/.m2/repository/org/springframework/spring-beans/5.0.5.RELEASE/spring-beans-5.0.5.RELEASE.jar:/Users/zhouzhixuan/.m2/repository/org/springframework/spring-tx/5.0.5.RELEASE/spring-tx-5.0.5.RELEASE.jar:/Users/zhouzhixuan/.m2/repository/org/mybatis/spring/boot/mybatis-spring-boot-starter/1.3.2/mybatis-spring-boot-starter-1.3.2.jar:/Users/zhouzhixuan/.m2/repository/org/mybatis/spring/boot/mybatis-spring-boot-autoconfigure/1.3.2/mybatis-spring-boot-autoconfigure-1.3.2.jar:/Users/zhouzhixuan/.m2/repository/org/mybatis/mybatis/3.4.6/mybatis-3.4.6.jar:/Users/zhouzhixuan/.m2/repository/org/mybatis/mybatis-spring/1.3.2/mybatis-spring-1.3.2.jar:/Users/zhouzhixuan/.m2/repository/org/springframework/cloud/spring-cloud-starter-netflix-eureka-client/2.0.0.BUILD-SNAPSHOT/spring-cloud-starter-netflix-eureka-client-2.0.0.BUILD-SNAPSHOT.jar:/Users/zhouzhixuan/.m2/repository/org/springframework/cloud/spring-cloud-starter/2.0.0.BUILD-SNAPSHOT/spring-cloud-starter-2.0.0.BUILD-SNAPSHOT.jar:/Users/zhouzhixuan/.m2/repository/org/springframework/cloud/spring-cloud-context/2.0.0.BUILD-SNAPSHOT/spring-cloud-context-2.0.0.BUILD-SNAPSHOT.jar:/Users/zhouzhixuan/.m2/repository/org/springframework/security/spring-security-rsa/1.0.5.RELEASE/spring-security-rsa-1.0.5.RELEASE.jar:/Users/zhouzhixuan/.m2/repository/org/bouncycastle/bcpkix-jdk15on/1.56/bcpkix-jdk15on-1.56.jar:/Users/zhouzhixuan/.m2/repository/org/bouncycastle/bcprov-jdk15on/1.56/bcprov-jdk15on-1.56.jar:/Users/zhouzhixuan/.m2/repository/org/springframework/cloud/spring-cloud-netflix-core/2.0.0.BUILD-SNAPSHOT/spring-cloud-netflix-core-2.0.0.BUILD-SNAPSHOT.jar:/Users/zhouzhixuan/.m2/repository/org/springframework/boot/spring-boot-starter-aop/2.0.1.RELEASE/spring-boot-starter-aop-2.0.1.RELEASE.jar:/Users/zhouzhixuan/.m2/repository/org/springframework/cloud/spring-cloud-netflix-eureka-client/2.0.0.BUILD-SNAPSHOT/spring-cloud-netflix-eureka-client-2.0.0.BUILD-SNAPSHOT.jar:/Users/zhouzhixuan/.m2/repository/com/netflix/eureka/eureka-client/1.8.7/eureka-client-1.8.7.jar:/Users/zhouzhixuan/.m2/repository/org/codehaus/jettison/jettison/1.3.7/jettison-1.3.7.jar:/Users/zhouzhixuan/.m2/repository/stax/stax-api/1.0.1/stax-api-1.0.1.jar:/Users/zhouzhixuan/.m2/repository/com/netflix/netflix-commons/netflix-eventbus/0.3.0/netflix-eventbus-0.3.0.jar:/Users/zhouzhixuan/.m2/repository/com/netflix/netflix-commons/netflix-infix/0.3.0/netflix-infix-0.3.0.jar:/Users/zhouzhixuan/.m2/repository/commons-jxpath/commons-jxpath/1.3/commons-jxpath-1.3.jar:/Users/zhouzhixuan/.m2/repository/joda-time/joda-time/2.9.9/joda-time-2.9.9.jar:/Users/zhouzhixuan/.m2/repository/org/antlr/antlr-runtime/3.4/antlr-runtime-3.4.jar:/Users/zhouzhixuan/.m2/repository/org/antlr/stringtemplate/3.2.1/stringtemplate-3.2.1.jar:/Users/zhouzhixuan/.m2/repository/antlr/antlr/2.7.7/antlr-2.7.7.jar:/Users/zhouzhixuan/.m2/repository/org/apache/commons/commons-math/2.2/commons-math-2.2.jar:/Users/zhouzhixuan/.m2/repository/com/netflix/archaius/archaius-core/0.7.5/archaius-core-0.7.5.jar:/Users/zhouzhixuan/.m2/repository/javax/ws/rs/jsr311-api/1.1.1/jsr311-api-1.1.1.jar:/Users/zhouzhixuan/.m2/repository/com/netflix/servo/servo-core/0.10.1/servo-core-0.10.1.jar:/Users/zhouzhixuan/.m2/repository/com/netflix/servo/servo-internal/0.10.1/servo-internal-0.10.1.jar:/Users/zhouzhixuan/.m2/repository/com/sun/jersey/jersey-core/1.19.1/jersey-core-1.19.1.jar:/Users/zhouzhixuan/.m2/repository/com/sun/jersey/jersey-client/1.19.1/jersey-client-1.19.1.jar:/Users/zhouzhixuan/.m2/repository/com/sun/jersey/contribs/jersey-apache-client4/1.19.1/jersey-apache-client4-1.19.1.jar:/Users/zhouzhixuan/.m2/repository/org/apache/httpcomponents/httpclient/4.5.5/httpclient-4.5.5.jar:/Users/zhouzhixuan/.m2/repository/org/apache/httpcomponents/httpcore/4.4.9/httpcore-4.4.9.jar:/Users/zhouzhixuan/.m2/repository/commons-codec/commons-codec/1.11/commons-codec-1.11.jar:/Users/zhouzhixuan/.m2/repository/com/google/inject/guice/4.1.0/guice-4.1.0.jar:/Users/zhouzhixuan/.m2/repository/javax/inject/javax.inject/1/javax.inject-1.jar:/Users/zhouzhixuan/.m2/repository/aopalliance/aopalliance/1.0/aopalliance-1.0.jar:/Users/zhouzhixuan/.m2/repository/com/github/vlsi/compactmap/compactmap/1.2.1/compactmap-1.2.1.jar:/Users/zhouzhixuan/.m2/repository/com/github/andrewoma/dexx/dexx-collections/0.2/dexx-collections-0.2.jar:/Users/zhouzhixuan/.m2/repository/com/fasterxml/jackson/core/jackson-annotations/2.9.0/jackson-annotations-2.9.0.jar:/Users/zhouzhixuan/.m2/repository/com/fasterxml/jackson/core/jackson-core/2.9.3/jackson-core-2.9.3.jar:/Users/zhouzhixuan/.m2/repository/com/fasterxml/jackson/core/jackson-databind/2.9.3/jackson-databind-2.9.3.jar:/Users/zhouzhixuan/.m2/repository/com/netflix/eureka/eureka-core/1.8.7/eureka-core-1.8.7.jar:/Users/zhouzhixuan/.m2/repository/org/codehaus/woodstox/woodstox-core-asl/4.4.1/woodstox-core-asl-4.4.1.jar:/Users/zhouzhixuan/.m2/repository/javax/xml/stream/stax-api/1.0-2/stax-api-1.0-2.jar:/Users/zhouzhixuan/.m2/repository/org/codehaus/woodstox/stax2-api/3.1.4/stax2-api-3.1.4.jar:/Users/zhouzhixuan/.m2/repository/org/springframework/cloud/spring-cloud-starter-netflix-archaius/2.0.0.BUILD-SNAPSHOT/spring-cloud-starter-netflix-archaius-2.0.0.BUILD-SNAPSHOT.jar:/Users/zhouzhixuan/.m2/repository/org/springframework/cloud/spring-cloud-netflix-archaius/2.0.0.BUILD-SNAPSHOT/spring-cloud-netflix-archaius-2.0.0.BUILD-SNAPSHOT.jar:/Users/zhouzhixuan/.m2/repository/commons-configuration/commons-configuration/1.8/commons-configuration-1.8.jar:/Users/zhouzhixuan/.m2/repository/commons-lang/commons-lang/2.6/commons-lang-2.6.jar:/Users/zhouzhixuan/.m2/repository/com/google/guava/guava/18.0/guava-18.0.jar:/Users/zhouzhixuan/.m2/repository/org/springframework/cloud/spring-cloud-starter-netflix-ribbon/2.0.0.BUILD-SNAPSHOT/spring-cloud-starter-netflix-ribbon-2.0.0.BUILD-SNAPSHOT.jar:/Users/zhouzhixuan/.m2/repository/com/netflix/ribbon/ribbon/2.2.5/ribbon-2.2.5.jar:/Users/zhouzhixuan/.m2/repository/com/netflix/ribbon/ribbon-transport/2.2.5/ribbon-transport-2.2.5.jar:/Users/zhouzhixuan/.m2/repository/io/reactivex/rxnetty-contexts/0.4.9/rxnetty-contexts-0.4.9.jar:/Users/zhouzhixuan/.m2/repository/io/reactivex/rxnetty-servo/0.4.9/rxnetty-servo-0.4.9.jar:/Users/zhouzhixuan/.m2/repository/io/reactivex/rxnetty/0.4.9/rxnetty-0.4.9.jar:/Users/zhouzhixuan/.m2/repository/io/netty/netty-codec-http/4.1.23.Final/netty-codec-http-4.1.23.Final.jar:/Users/zhouzhixuan/.m2/repository/io/netty/netty-codec/4.1.23.Final/netty-codec-4.1.23.Final.jar:/Users/zhouzhixuan/.m2/repository/io/netty/netty-transport-native-epoll/4.1.23.Final/netty-transport-native-epoll-4.1.23.Final.jar:/Users/zhouzhixuan/.m2/repository/io/netty/netty-common/4.1.23.Final/netty-common-4.1.23.Final.jar:/Users/zhouzhixuan/.m2/repository/io/netty/netty-buffer/4.1.23.Final/netty-buffer-4.1.23.Final.jar:/Users/zhouzhixuan/.m2/repository/io/netty/netty-transport-native-unix-common/4.1.23.Final/netty-transport-native-unix-common-4.1.23.Final.jar:/Users/zhouzhixuan/.m2/repository/io/netty/netty-transport/4.1.23.Final/netty-transport-4.1.23.Final.jar:/Users/zhouzhixuan/.m2/repository/io/netty/netty-resolver/4.1.23.Final/netty-resolver-4.1.23.Final.jar:/Users/zhouzhixuan/.m2/repository/com/netflix/ribbon/ribbon-core/2.2.5/ribbon-core-2.2.5.jar:/Users/zhouzhixuan/.m2/repository/com/netflix/ribbon/ribbon-httpclient/2.2.5/ribbon-httpclient-2.2.5.jar:/Users/zhouzhixuan/.m2/repository/commons-collections/commons-collections/3.2.2/commons-collections-3.2.2.jar:/Users/zhouzhixuan/.m2/repository/com/netflix/netflix-commons/netflix-commons-util/0.1.1/netflix-commons-util-0.1.1.jar:/Users/zhouzhixuan/.m2/repository/com/netflix/ribbon/ribbon-loadbalancer/2.2.5/ribbon-loadbalancer-2.2.5.jar:/Users/zhouzhixuan/.m2/repository/com/netflix/netflix-commons/netflix-statistics/0.1.1/netflix-statistics-0.1.1.jar:/Users/zhouzhixuan/.m2/repository/io/reactivex/rxjava/1.3.8/rxjava-1.3.8.jar:/Users/zhouzhixuan/.m2/repository/com/netflix/ribbon/ribbon-eureka/2.2.5/ribbon-eureka-2.2.5.jar:/Users/zhouzhixuan/.m2/repository/com/thoughtworks/xstream/xstream/1.4.10/xstream-1.4.10.jar:/Users/zhouzhixuan/.m2/repository/xmlpull/xmlpull/1.1.3.1/xmlpull-1.1.3.1.jar:/Users/zhouzhixuan/.m2/repository/xpp3/xpp3_min/1.1.4c/xpp3_min-1.1.4c.jar:/Users/zhouzhixuan/.m2/repository/org/springframework/cloud/spring-cloud-starter-netflix-hystrix/2.0.0.BUILD-SNAPSHOT/spring-cloud-starter-netflix-hystrix-2.0.0.BUILD-SNAPSHOT.jar:/Users/zhouzhixuan/.m2/repository/org/springframework/cloud/spring-cloud-netflix-ribbon/2.0.0.BUILD-SNAPSHOT/spring-cloud-netflix-ribbon-2.0.0.BUILD-SNAPSHOT.jar:/Users/zhouzhixuan/.m2/repository/com/netflix/hystrix/hystrix-core/1.5.12/hystrix-core-1.5.12.jar:/Users/zhouzhixuan/.m2/repository/org/hdrhistogram/HdrHistogram/2.1.9/HdrHistogram-2.1.9.jar:/Users/zhouzhixuan/.m2/repository/com/netflix/hystrix/hystrix-serialization/1.5.12/hystrix-serialization-1.5.12.jar:/Users/zhouzhixuan/.m2/repository/com/fasterxml/jackson/module/jackson-module-afterburner/2.9.3/jackson-module-afterburner-2.9.3.jar:/Users/zhouzhixuan/.m2/repository/com/netflix/hystrix/hystrix-metrics-event-stream/1.5.12/hystrix-metrics-event-stream-1.5.12.jar:/Users/zhouzhixuan/.m2/repository/com/netflix/hystrix/hystrix-javanica/1.5.12/hystrix-javanica-1.5.12.jar:/Users/zhouzhixuan/.m2/repository/org/apache/commons/commons-lang3/3.7/commons-lang3-3.7.jar:/Users/zhouzhixuan/.m2/repository/org/ow2/asm/asm/5.0.4/asm-5.0.4.jar:/Users/zhouzhixuan/.m2/repository/org/aspectj/aspectjweaver/1.8.13/aspectjweaver-1.8.13.jar:/Users/zhouzhixuan/.m2/repository/io/reactivex/rxjava-reactive-streams/1.2.1/rxjava-reactive-streams-1.2.1.jar:/Users/zhouzhixuan/.m2/repository/org/reactivestreams/reactive-streams/1.0.2/reactive-streams-1.0.2.jar:/Users/zhouzhixuan/.m2/repository/org/springframework/cloud/spring-cloud-starter-openfeign/2.0.0.BUILD-SNAPSHOT/spring-cloud-starter-openfeign-2.0.0.BUILD-SNAPSHOT.jar:/Users/zhouzhixuan/.m2/repository/org/springframework/cloud/spring-cloud-openfeign-core/2.0.0.BUILD-SNAPSHOT/spring-cloud-openfeign-core-2.0.0.BUILD-SNAPSHOT.jar:/Users/zhouzhixuan/.m2/repository/org/springframework/spring-web/5.0.5.RELEASE/spring-web-5.0.5.RELEASE.jar:/Users/zhouzhixuan/.m2/repository/org/springframework/cloud/spring-cloud-commons/2.0.0.BUILD-SNAPSHOT/spring-cloud-commons-2.0.0.BUILD-SNAPSHOT.jar:/Users/zhouzhixuan/.m2/repository/org/springframework/security/spring-security-crypto/5.0.4.RELEASE/spring-security-crypto-5.0.4.RELEASE.jar:/Users/zhouzhixuan/.m2/repository/io/github/openfeign/feign-core/9.5.1/feign-core-9.5.1.jar:/Users/zhouzhixuan/.m2/repository/io/github/openfeign/feign-slf4j/9.5.1/feign-slf4j-9.5.1.jar:/Users/zhouzhixuan/.m2/repository/io/github/openfeign/feign-hystrix/9.5.1/feign-hystrix-9.5.1.jar:/Users/zhouzhixuan/.m2/repository/io/github/openfeign/feign-java8/9.5.1/feign-java8-9.5.1.jar:/Users/zhouzhixuan/.m2/repository/org/springframework/boot/spring-boot-starter-web/2.0.1.RELEASE/spring-boot-starter-web-2.0.1.RELEASE.jar:/Users/zhouzhixuan/.m2/repository/org/springframework/boot/spring-boot-starter-json/2.0.1.RELEASE/spring-boot-starter-json-2.0.1.RELEASE.jar:/Users/zhouzhixuan/.m2/repository/com/fasterxml/jackson/datatype/jackson-datatype-jdk8/2.9.3/jackson-datatype-jdk8-2.9.3.jar:/Users/zhouzhixuan/.m2/repository/com/fasterxml/jackson/datatype/jackson-datatype-jsr310/2.9.3/jackson-datatype-jsr310-2.9.3.jar:/Users/zhouzhixuan/.m2/repository/com/fasterxml/jackson/module/jackson-module-parameter-names/2.9.3/jackson-module-parameter-names-2.9.3.jar:/Users/zhouzhixuan/.m2/repository/org/springframework/boot/spring-boot-starter-tomcat/2.0.1.RELEASE/spring-boot-starter-tomcat-2.0.1.RELEASE.jar:/Users/zhouzhixuan/.m2/repository/org/apache/tomcat/embed/tomcat-embed-core/8.5.29/tomcat-embed-core-8.5.29.jar:/Users/zhouzhixuan/.m2/repository/org/apache/tomcat/embed/tomcat-embed-el/8.5.29/tomcat-embed-el-8.5.29.jar:/Users/zhouzhixuan/.m2/repository/org/apache/tomcat/embed/tomcat-embed-websocket/8.5.29/tomcat-embed-websocket-8.5.29.jar:/Users/zhouzhixuan/.m2/repository/org/hibernate/validator/hibernate-validator/6.0.9.Final/hibernate-validator-6.0.9.Final.jar:/Users/zhouzhixuan/.m2/repository/javax/validation/validation-api/2.0.1.Final/validation-api-2.0.1.Final.jar:/Users/zhouzhixuan/.m2/repository/org/jboss/logging/jboss-logging/3.3.2.Final/jboss-logging-3.3.2.Final.jar:/Users/zhouzhixuan/.m2/repository/com/fasterxml/classmate/1.3.4/classmate-1.3.4.jar:/Users/zhouzhixuan/.m2/repository/org/springframework/spring-webmvc/5.0.5.RELEASE/spring-webmvc-5.0.5.RELEASE.jar:/Users/zhouzhixuan/.m2/repository/org/springframework/spring-aop/5.0.5.RELEASE/spring-aop-5.0.5.RELEASE.jar:/Users/zhouzhixuan/.m2/repository/org/springframework/spring-context/5.0.5.RELEASE/spring-context-5.0.5.RELEASE.jar:/Users/zhouzhixuan/.m2/repository/org/springframework/spring-expression/5.0.5.RELEASE/spring-expression-5.0.5.RELEASE.jar:/Users/zhouzhixuan/.m2/repository/mysql/mysql-connector-java/5.1.46/mysql-connector-java-5.1.46.jar:/Users/zhouzhixuan/.m2/repository/com/zaxxer/HikariCP/2.7.8/HikariCP-2.7.8.jar:/Users/zhouzhixuan/.m2/repository/org/slf4j/slf4j-api/1.7.25/slf4j-api-1.7.25.jar:/Users/zhouzhixuan/.m2/repository/org/springframework/boot/spring-boot-configuration-processor/2.0.1.RELEASE/spring-boot-configuration-processor-2.0.1.RELEASE.jar:/Users/zhouzhixuan/.m2/repository/org/projectlombok/lombok/1.16.20/lombok-1.16.20.jar:/Users/zhouzhixuan/.m2/repository/org/springframework/boot/spring-boot-starter-test/2.0.1.RELEASE/spring-boot-starter-test-2.0.1.RELEASE.jar:/Users/zhouzhixuan/.m2/repository/org/springframework/boot/spring-boot-test/2.0.1.RELEASE/spring-boot-test-2.0.1.RELEASE.jar:/Users/zhouzhixuan/.m2/repository/org/springframework/boot/spring-boot-test-autoconfigure/2.0.1.RELEASE/spring-boot-test-autoconfigure-2.0.1.RELEASE.jar:/Users/zhouzhixuan/.m2/repository/com/jayway/jsonpath/json-path/2.4.0/json-path-2.4.0.jar:/Users/zhouzhixuan/.m2/repository/net/minidev/json-smart/2.3/json-smart-2.3.jar:/Users/zhouzhixuan/.m2/repository/net/minidev/accessors-smart/1.2/accessors-smart-1.2.jar:/Users/zhouzhixuan/.m2/repository/org/assertj/assertj-core/3.9.1/assertj-core-3.9.1.jar:/Users/zhouzhixuan/.m2/repository/org/mockito/mockito-core/2.15.0/mockito-core-2.15.0.jar:/Users/zhouzhixuan/.m2/repository/net/bytebuddy/byte-buddy/1.7.11/byte-buddy-1.7.11.jar:/Users/zhouzhixuan/.m2/repository/net/bytebuddy/byte-buddy-agent/1.7.11/byte-buddy-agent-1.7.11.jar:/Users/zhouzhixuan/.m2/repository/org/objenesis/objenesis/2.6/objenesis-2.6.jar:/Users/zhouzhixuan/.m2/repository/org/hamcrest/hamcrest-core/1.3/hamcrest-core-1.3.jar:/Users/zhouzhixuan/.m2/repository/org/hamcrest/hamcrest-library/1.3/hamcrest-library-1.3.jar:/Users/zhouzhixuan/.m2/repository/org/skyscreamer/jsonassert/1.5.0/jsonassert-1.5.0.jar:/Users/zhouzhixuan/.m2/repository/com/vaadin/external/google/android-json/0.0.20131108.vaadin1/android-json-0.0.20131108.vaadin1.jar:/Users/zhouzhixuan/.m2/repository/org/springframework/spring-core/5.0.5.RELEASE/spring-core-5.0.5.RELEASE.jar:/Users/zhouzhixuan/.m2/repository/org/springframework/spring-jcl/5.0.5.RELEASE/spring-jcl-5.0.5.RELEASE.jar:/Users/zhouzhixuan/.m2/repository/org/springframework/spring-test/5.0.5.RELEASE/spring-test-5.0.5.RELEASE.jar:/Users/zhouzhixuan/.m2/repository/org/xmlunit/xmlunit-core/2.5.1/xmlunit-core-2.5.1.jar:/Users/zhouzhixuan/.m2/repository/junit/junit/4.12/junit-4.12.jar:/Users/zhouzhixuan/.m2/repository/javax/servlet/javax.servlet-api/3.1.0/javax.servlet-api-3.1.0.jar:/Users/zhouzhixuan/.m2/repository/com/google/code/gson/gson/2.8.2/gson-2.8.2.jar:/Users/zhouzhixuan/.m2/repository/commons-fileupload/commons-fileupload/1.3.3/commons-fileupload-1.3.3.jar:/Users/zhouzhixuan/.m2/repository/commons-io/commons-io/2.2/commons-io-2.2.jar:, user.name=zhouzhixuan, socksProxyHost=127.0.0.1, java.vm.specification.version=1.8, sun.java.command=/Users/zhouzhixuan/IdeaProjects/ECC/central-services/user-service/target/surefire/surefirebooter1824758799676627997.jar /Users/zhouzhixuan/IdeaProjects/ECC/central-services/user-service/target/surefire 2018-04-06T14-47-23_098-jvmRun1 surefire339080362251251192tmp surefire_05323072084990512649tmp, java.home=/Library/Java/JavaVirtualMachines/jdk1.8.0_111.jdk/Contents/Home/jre, sun.arch.data.model=64, user.language=zh, java.specification.vendor=Oracle Corporation, awt.toolkit=sun.lwawt.macosx.LWCToolkit, java.vm.info=mixed mode, java.version=1.8.0_111, java.ext.dirs=/Users/zhouzhixuan/Library/Java/Extensions:/Library/Java/JavaVirtualMachines/jdk1.8.0_111.jdk/Contents/Home/jre/lib/ext:/Library/Java/Extensions:/Network/Library/Java/Extensions:/System/Library/Java/Extensions:/usr/lib/java, sun.boot.class.path=/Library/Java/JavaVirtualMachines/jdk1.8.0_111.jdk/Contents/Home/jre/lib/resources.jar:/Library/Java/JavaVirtualMachines/jdk1.8.0_111.jdk/Contents/Home/jre/lib/rt.jar:/Library/Java/JavaVirtualMachines/jdk1.8.0_111.jdk/Contents/Home/jre/lib/sunrsasign.jar:/Library/Java/JavaVirtualMachines/jdk1.8.0_111.jdk/Contents/Home/jre/lib/jsse.jar:/Library/Java/JavaVirtualMachines/jdk1.8.0_111.jdk/Contents/Home/jre/lib/jce.jar:/Library/Java/JavaVirtualMachines/jdk1.8.0_111.jdk/Contents/Home/jre/lib/charsets.jar:/Library/Java/JavaVirtualMachines/jdk1.8.0_111.jdk/Contents/Home/jre/lib/jfr.jar:/Library/Java/JavaVirtualMachines/jdk1.8.0_111.jdk/Contents/Home/jre/classes, http.proxyHost=127.0.0.1, java.vendor=Oracle Corporation, localRepository=/Users/zhouzhixuan/.m2/repository, file.separator=/, java.vendor.url.bug=http://bugreport.sun.com/bugreport/, sun.io.unicode.encoding=UnicodeBig, sun.cpu.endian=little, https.proxyPort=9090, socksNonProxyHosts=192.168.0.0/16|*.192.168.0.0/16|10.0.0.0/8|*.10.0.0.0/8|172.16.0.0/12|*.172.16.0.0/12|127.0.0.1|localhost|*.localhost|local|*.local, ftp.nonProxyHosts=192.168.0.0/16|*.192.168.0.0/16|10.0.0.0/8|*.10.0.0.0/8|172.16.0.0/12|*.172.16.0.0/12|127.0.0.1|localhost|*.localhost|local|*.local, sun.cpu.isalist=}}, SystemEnvironmentPropertySource@891095110 {name='systemEnvironment', properties={PATH=/Library/Frameworks/Python.framework/Versions/3.6/bin:/usr/local/bin:/usr/bin:/bin:/usr/sbin:/sbin:/Applications/VMware Fusion.app/Contents/Public:/Library/Frameworks/Mono.framework/Versions/Current/Commands:/Applications/Wireshark.app/Contents/MacOS:/usr/local/mysql/bin, SHELL=/bin/bash, ANDROID_HVPROTO=ddm, OLDPWD=/Users/zhouzhixuan/IdeaProjects/ECC/central-services/user-service, VERSIONER_PYTHON_PREFER_32_BIT=no, USER=zhouzhixuan, TMPDIR=/var/folders/dx/dbl01sbx6dxcxnqvpjj10s8m0000gn/T/, SSH_AUTH_SOCK=/private/tmp/com.apple.launchd.eWWJ0ebsDv/Listeners, XPC_FLAGS=0x0, VERSIONER_PYTHON_VERSION=2.7, JAVA_MAIN_CLASS_34857=org.apache.maven.surefire.booter.ForkedBooter, __CF_USER_TEXT_ENCODING=0x1F5:0x19:0x34, JAVA_MAIN_CLASS_34855=org.codehaus.classworlds.Launcher, Apple_PubSub_Socket_Render=/private/tmp/com.apple.launchd.xZjB7oDhhx/Render, LOGNAME=zhouzhixuan, LC_CTYPE=zh_CN.UTF-8, XPC_SERVICE_NAME=0, PWD=/Users/zhouzhixuan/IdeaProjects/ECC/central-services/user-service, HOME=/Users/zhouzhixuan, SHLVL=1, _=/Library/Java/JavaVirtualMachines/jdk1.8.0_111.jdk/Contents/Home/jre/bin/java}}]
14:47:29.182 [main] DEBUG org.springframework.core.io.support.PathMatchingResourcePatternResolver - Resolved classpath location [com/ecc/userservice/] to resources [URL [file:/Users/zhouzhixuan/IdeaProjects/ECC/central-services/user-service/target/test-classes/com/ecc/userservice/], URL [file:/Users/zhouzhixuan/IdeaProjects/ECC/central-services/user-service/target/classes/com/ecc/userservice/]]
14:47:29.183 [main] DEBUG org.springframework.core.io.support.PathMatchingResourcePatternResolver - Looking for matching resources in directory tree [/Users/zhouzhixuan/IdeaProjects/ECC/central-services/user-service/target/test-classes/com/ecc/userservice]
14:47:29.184 [main] DEBUG org.springframework.core.io.support.PathMatchingResourcePatternResolver - Searching directory [/Users/zhouzhixuan/IdeaProjects/ECC/central-services/user-service/target/test-classes/com/ecc/userservice] for files matching pattern [/Users/zhouzhixuan/IdeaProjects/ECC/central-services/user-service/target/test-classes/com/ecc/userservice/*.class]
14:47:29.188 [main] DEBUG org.springframework.core.io.support.PathMatchingResourcePatternResolver - Looking for matching resources in directory tree [/Users/zhouzhixuan/IdeaProjects/ECC/central-services/user-service/target/classes/com/ecc/userservice]
14:47:29.189 [main] DEBUG org.springframework.core.io.support.PathMatchingResourcePatternResolver - Searching directory [/Users/zhouzhixuan/IdeaProjects/ECC/central-services/user-service/target/classes/com/ecc/userservice] for files matching pattern [/Users/zhouzhixuan/IdeaProjects/ECC/central-services/user-service/target/classes/com/ecc/userservice/*.class]
14:47:29.190 [main] DEBUG org.springframework.core.io.support.PathMatchingResourcePatternResolver - Resolved location pattern [classpath*:com/ecc/userservice/*.class] to resources [file [/Users/zhouzhixuan/IdeaProjects/ECC/central-services/user-service/target/test-classes/com/ecc/userservice/UserServiceApplicationTests.class], file [/Users/zhouzhixuan/IdeaProjects/ECC/central-services/user-service/target/classes/com/ecc/userservice/UserServiceApplication.class]]
14:47:29.355 [main] DEBUG org.springframework.context.annotation.ClassPathScanningCandidateComponentProvider - Identified candidate component class: file [/Users/zhouzhixuan/IdeaProjects/ECC/central-services/user-service/target/classes/com/ecc/userservice/UserServiceApplication.class]
14:47:29.360 [main] INFO org.springframework.boot.test.context.SpringBootTestContextBootstrapper - Found @SpringBootConfiguration com.ecc.userservice.UserServiceApplication for test class com.ecc.userservice.UserServiceApplicationTests
14:47:29.571 [main] DEBUG org.springframework.boot.test.context.SpringBootTestContextBootstrapper - @TestExecutionListeners is not present for class [com.ecc.userservice.UserServiceApplicationTests]: using defaults.
14:47:29.573 [main] INFO org.springframework.boot.test.context.SpringBootTestContextBootstrapper - Loaded default TestExecutionListener class names from location [META-INF/spring.factories]: [org.springframework.boot.test.mock.mockito.MockitoTestExecutionListener, org.springframework.boot.test.mock.mockito.ResetMocksTestExecutionListener, org.springframework.boot.test.autoconfigure.restdocs.RestDocsTestExecutionListener, org.springframework.boot.test.autoconfigure.web.client.MockRestServiceServerResetTestExecutionListener, org.springframework.boot.test.autoconfigure.web.servlet.MockMvcPrintOnlyOnFailureTestExecutionListener, org.springframework.boot.test.autoconfigure.web.servlet.WebDriverTestExecutionListener, org.springframework.test.context.web.ServletTestExecutionListener, org.springframework.test.context.support.DirtiesContextBeforeModesTestExecutionListener, org.springframework.test.context.support.DependencyInjectionTestExecutionListener, org.springframework.test.context.support.DirtiesContextTestExecutionListener, org.springframework.test.context.transaction.TransactionalTestExecutionListener, org.springframework.test.context.jdbc.SqlScriptsTestExecutionListener]
14:47:29.635 [main] INFO org.springframework.boot.test.context.SpringBootTestContextBootstrapper - Using TestExecutionListeners: [org.springframework.test.context.web.ServletTestExecutionListener@1ba9117e, org.springframework.test.context.support.DirtiesContextBeforeModesTestExecutionListener@732c2a62, org.springframework.boot.test.mock.mockito.MockitoTestExecutionListener@272ed83b, org.springframework.boot.test.autoconfigure.SpringBootDependencyInjectionTestExecutionListener@41fecb8b, org.springframework.test.context.support.DirtiesContextTestExecutionListener@120f102b, org.springframework.test.context.transaction.TransactionalTestExecutionListener@625732, org.springframework.test.context.jdbc.SqlScriptsTestExecutionListener@51dcb805, org.springframework.boot.test.mock.mockito.ResetMocksTestExecutionListener@66498326, org.springframework.boot.test.autoconfigure.restdocs.RestDocsTestExecutionListener@cad498c, org.springframework.boot.test.autoconfigure.web.client.MockRestServiceServerResetTestExecutionListener@1e6454ec, org.springframework.boot.test.autoconfigure.web.servlet.MockMvcPrintOnlyOnFailureTestExecutionListener@2accdbb5, org.springframework.boot.test.autoconfigure.web.servlet.WebDriverTestExecutionListener@b62d79]
14:47:29.640 [main] DEBUG org.springframework.test.annotation.ProfileValueUtils - Retrieved @ProfileValueSourceConfiguration [null] for test class [com.ecc.userservice.UserServiceApplicationTests]
14:47:29.641 [main] DEBUG org.springframework.test.annotation.ProfileValueUtils - Retrieved ProfileValueSource type [class org.springframework.test.annotation.SystemProfileValueSource] for class [com.ecc.userservice.UserServiceApplicationTests]
14:47:29.644 [main] DEBUG org.springframework.test.annotation.ProfileValueUtils - Retrieved @ProfileValueSourceConfiguration [null] for test class [com.ecc.userservice.UserServiceApplicationTests]
14:47:29.644 [main] DEBUG org.springframework.test.annotation.ProfileValueUtils - Retrieved ProfileValueSource type [class org.springframework.test.annotation.SystemProfileValueSource] for class [com.ecc.userservice.UserServiceApplicationTests]
14:47:29.646 [main] DEBUG org.springframework.test.annotation.ProfileValueUtils - Retrieved @ProfileValueSourceConfiguration [null] for test class [com.ecc.userservice.UserServiceApplicationTests]
14:47:29.646 [main] DEBUG org.springframework.test.annotation.ProfileValueUtils - Retrieved ProfileValueSource type [class org.springframework.test.annotation.SystemProfileValueSource] for class [com.ecc.userservice.UserServiceApplicationTests]
14:47:29.653 [main] DEBUG org.springframework.test.context.support.AbstractDirtiesContextTestExecutionListener - Before test class: context [DefaultTestContext@2fd1433e testClass = UserServiceApplicationTests, testInstance = [null], testMethod = [null], testException = [null], mergedContextConfiguration = [WebMergedContextConfiguration@29d89d5d testClass = UserServiceApplicationTests, locations = '{}', classes = '{class com.ecc.userservice.UserServiceApplication}', contextInitializerClasses = '[]', activeProfiles = '{}', propertySourceLocations = '{}', propertySourceProperties = '{org.springframework.boot.test.context.SpringBootTestContextBootstrapper=true}', contextCustomizers = set[org.springframework.boot.test.context.filter.ExcludeFilterContextCustomizer@101df177, org.springframework.boot.test.json.DuplicateJsonObjectContextCustomizerFactory$DuplicateJsonObjectContextCustomizer@276438c9, org.springframework.boot.test.mock.mockito.MockitoContextCustomizer@0, org.springframework.boot.test.web.client.TestRestTemplateContextCustomizer@701fc37a, org.springframework.boot.test.autoconfigure.properties.PropertyMappingContextCustomizer@0, org.springframework.boot.test.autoconfigure.web.servlet.WebDriverContextCustomizerFactory$Customizer@6a396c1e], resourceBasePath = 'src/main/webapp', contextLoader = 'org.springframework.boot.test.context.SpringBootContextLoader', parent = [null]], attributes = map['org.springframework.test.context.web.ServletTestExecutionListener.activateListener' -> true]], class annotated with @DirtiesContext [false] with mode [null].
14:47:29.653 [main] DEBUG org.springframework.test.annotation.ProfileValueUtils - Retrieved @ProfileValueSourceConfiguration [null] for test class [com.ecc.userservice.UserServiceApplicationTests]
14:47:29.654 [main] DEBUG org.springframework.test.annotation.ProfileValueUtils - Retrieved ProfileValueSource type [class org.springframework.test.annotation.SystemProfileValueSource] for class [com.ecc.userservice.UserServiceApplicationTests]
14:47:29.682 [main] DEBUG org.springframework.core.env.StandardEnvironment - Adding PropertySource 'systemProperties' with lowest search precedence
14:47:29.683 [main] DEBUG org.springframework.core.env.StandardEnvironment - Adding PropertySource 'systemEnvironment' with lowest search precedence
14:47:29.683 [main] DEBUG org.springframework.core.env.StandardEnvironment - Initialized StandardEnvironment with PropertySources [MapPropertySource@2077528955 {name='systemProperties', properties={idea.version=2017.2.6, java.runtime.name=Java(TM) SE Runtime Environment, sun.boot.library.path=/Library/Java/JavaVirtualMachines/jdk1.8.0_111.jdk/Contents/Home/jre/lib, java.vm.version=25.111-b14, gopherProxySet=false, java.vm.vendor=Oracle Corporation, java.vendor.url=http://java.oracle.com/, path.separator=:, java.vm.name=Java HotSpot(TM) 64-Bit Server VM, file.encoding.pkg=sun.io, user.country=CN, sun.java.launcher=SUN_STANDARD, sun.os.patch.level=unknown, java.vm.specification.name=Java Virtual Machine Specification, user.dir=/Users/zhouzhixuan/IdeaProjects/ECC/central-services/user-service, java.runtime.version=1.8.0_111-b14, basedir=/Users/zhouzhixuan/IdeaProjects/ECC/central-services/user-service, java.awt.graphicsenv=sun.awt.CGraphicsEnvironment, java.endorsed.dirs=/Library/Java/JavaVirtualMachines/jdk1.8.0_111.jdk/Contents/Home/jre/lib/endorsed, os.arch=x86_64, surefire.real.class.path=/Users/zhouzhixuan/IdeaProjects/ECC/central-services/user-service/target/surefire/surefirebooter1824758799676627997.jar, java.io.tmpdir=/var/folders/dx/dbl01sbx6dxcxnqvpjj10s8m0000gn/T/, line.separator=
, socksProxyPort=9091, java.vm.specification.vendor=Oracle Corporation, https.proxyHost=127.0.0.1, os.name=Mac OS X, sun.jnu.encoding=UTF-8, java.library.path=/Users/zhouzhixuan/Library/Java/Extensions:/Library/Java/Extensions:/Network/Library/Java/Extensions:/System/Library/Java/Extensions:/usr/lib/java:., http.proxyPort=9090, surefire.test.class.path=/Users/zhouzhixuan/IdeaProjects/ECC/central-services/user-service/target/test-classes:/Users/zhouzhixuan/IdeaProjects/ECC/central-services/user-service/target/classes:/Users/zhouzhixuan/.m2/repository/org/springframework/boot/spring-boot-starter-jdbc/2.0.1.RELEASE/spring-boot-starter-jdbc-2.0.1.RELEASE.jar:/Users/zhouzhixuan/.m2/repository/org/springframework/boot/spring-boot-starter/2.0.1.RELEASE/spring-boot-starter-2.0.1.RELEASE.jar:/Users/zhouzhixuan/.m2/repository/org/springframework/boot/spring-boot/2.0.1.RELEASE/spring-boot-2.0.1.RELEASE.jar:/Users/zhouzhixuan/.m2/repository/org/springframework/boot/spring-boot-autoconfigure/2.0.1.RELEASE/spring-boot-autoconfigure-2.0.1.RELEASE.jar:/Users/zhouzhixuan/.m2/repository/org/springframework/boot/spring-boot-starter-logging/2.0.1.RELEASE/spring-boot-starter-logging-2.0.1.RELEASE.jar:/Users/zhouzhixuan/.m2/repository/ch/qos/logback/logback-classic/1.2.3/logback-classic-1.2.3.jar:/Users/zhouzhixuan/.m2/repository/ch/qos/logback/logback-core/1.2.3/logback-core-1.2.3.jar:/Users/zhouzhixuan/.m2/repository/org/apache/logging/log4j/log4j-to-slf4j/2.10.0/log4j-to-slf4j-2.10.0.jar:/Users/zhouzhixuan/.m2/repository/org/apache/logging/log4j/log4j-api/2.10.0/log4j-api-2.10.0.jar:/Users/zhouzhixuan/.m2/repository/org/slf4j/jul-to-slf4j/1.7.25/jul-to-slf4j-1.7.25.jar:/Users/zhouzhixuan/.m2/repository/javax/annotation/javax.annotation-api/1.3.2/javax.annotation-api-1.3.2.jar:/Users/zhouzhixuan/.m2/repository/org/yaml/snakeyaml/1.19/snakeyaml-1.19.jar:/Users/zhouzhixuan/.m2/repository/org/springframework/spring-jdbc/5.0.5.RELEASE/spring-jdbc-5.0.5.RELEASE.jar:/Users/zhouzhixuan/.m2/repository/org/springframework/spring-beans/5.0.5.RELEASE/spring-beans-5.0.5.RELEASE.jar:/Users/zhouzhixuan/.m2/repository/org/springframework/spring-tx/5.0.5.RELEASE/spring-tx-5.0.5.RELEASE.jar:/Users/zhouzhixuan/.m2/repository/org/mybatis/spring/boot/mybatis-spring-boot-starter/1.3.2/mybatis-spring-boot-starter-1.3.2.jar:/Users/zhouzhixuan/.m2/repository/org/mybatis/spring/boot/mybatis-spring-boot-autoconfigure/1.3.2/mybatis-spring-boot-autoconfigure-1.3.2.jar:/Users/zhouzhixuan/.m2/repository/org/mybatis/mybatis/3.4.6/mybatis-3.4.6.jar:/Users/zhouzhixuan/.m2/repository/org/mybatis/mybatis-spring/1.3.2/mybatis-spring-1.3.2.jar:/Users/zhouzhixuan/.m2/repository/org/springframework/cloud/spring-cloud-starter-netflix-eureka-client/2.0.0.BUILD-SNAPSHOT/spring-cloud-starter-netflix-eureka-client-2.0.0.BUILD-SNAPSHOT.jar:/Users/zhouzhixuan/.m2/repository/org/springframework/cloud/spring-cloud-starter/2.0.0.BUILD-SNAPSHOT/spring-cloud-starter-2.0.0.BUILD-SNAPSHOT.jar:/Users/zhouzhixuan/.m2/repository/org/springframework/cloud/spring-cloud-context/2.0.0.BUILD-SNAPSHOT/spring-cloud-context-2.0.0.BUILD-SNAPSHOT.jar:/Users/zhouzhixuan/.m2/repository/org/springframework/security/spring-security-rsa/1.0.5.RELEASE/spring-security-rsa-1.0.5.RELEASE.jar:/Users/zhouzhixuan/.m2/repository/org/bouncycastle/bcpkix-jdk15on/1.56/bcpkix-jdk15on-1.56.jar:/Users/zhouzhixuan/.m2/repository/org/bouncycastle/bcprov-jdk15on/1.56/bcprov-jdk15on-1.56.jar:/Users/zhouzhixuan/.m2/repository/org/springframework/cloud/spring-cloud-netflix-core/2.0.0.BUILD-SNAPSHOT/spring-cloud-netflix-core-2.0.0.BUILD-SNAPSHOT.jar:/Users/zhouzhixuan/.m2/repository/org/springframework/boot/spring-boot-starter-aop/2.0.1.RELEASE/spring-boot-starter-aop-2.0.1.RELEASE.jar:/Users/zhouzhixuan/.m2/repository/org/springframework/cloud/spring-cloud-netflix-eureka-client/2.0.0.BUILD-SNAPSHOT/spring-cloud-netflix-eureka-client-2.0.0.BUILD-SNAPSHOT.jar:/Users/zhouzhixuan/.m2/repository/com/netflix/eureka/eureka-client/1.8.7/eureka-client-1.8.7.jar:/Users/zhouzhixuan/.m2/repository/org/codehaus/jettison/jettison/1.3.7/jettison-1.3.7.jar:/Users/zhouzhixuan/.m2/repository/stax/stax-api/1.0.1/stax-api-1.0.1.jar:/Users/zhouzhixuan/.m2/repository/com/netflix/netflix-commons/netflix-eventbus/0.3.0/netflix-eventbus-0.3.0.jar:/Users/zhouzhixuan/.m2/repository/com/netflix/netflix-commons/netflix-infix/0.3.0/netflix-infix-0.3.0.jar:/Users/zhouzhixuan/.m2/repository/commons-jxpath/commons-jxpath/1.3/commons-jxpath-1.3.jar:/Users/zhouzhixuan/.m2/repository/joda-time/joda-time/2.9.9/joda-time-2.9.9.jar:/Users/zhouzhixuan/.m2/repository/org/antlr/antlr-runtime/3.4/antlr-runtime-3.4.jar:/Users/zhouzhixuan/.m2/repository/org/antlr/stringtemplate/3.2.1/stringtemplate-3.2.1.jar:/Users/zhouzhixuan/.m2/repository/antlr/antlr/2.7.7/antlr-2.7.7.jar:/Users/zhouzhixuan/.m2/repository/org/apache/commons/commons-math/2.2/commons-math-2.2.jar:/Users/zhouzhixuan/.m2/repository/com/netflix/archaius/archaius-core/0.7.5/archaius-core-0.7.5.jar:/Users/zhouzhixuan/.m2/repository/javax/ws/rs/jsr311-api/1.1.1/jsr311-api-1.1.1.jar:/Users/zhouzhixuan/.m2/repository/com/netflix/servo/servo-core/0.10.1/servo-core-0.10.1.jar:/Users/zhouzhixuan/.m2/repository/com/netflix/servo/servo-internal/0.10.1/servo-internal-0.10.1.jar:/Users/zhouzhixuan/.m2/repository/com/sun/jersey/jersey-core/1.19.1/jersey-core-1.19.1.jar:/Users/zhouzhixuan/.m2/repository/com/sun/jersey/jersey-client/1.19.1/jersey-client-1.19.1.jar:/Users/zhouzhixuan/.m2/repository/com/sun/jersey/contribs/jersey-apache-client4/1.19.1/jersey-apache-client4-1.19.1.jar:/Users/zhouzhixuan/.m2/repository/org/apache/httpcomponents/httpclient/4.5.5/httpclient-4.5.5.jar:/Users/zhouzhixuan/.m2/repository/org/apache/httpcomponents/httpcore/4.4.9/httpcore-4.4.9.jar:/Users/zhouzhixuan/.m2/repository/commons-codec/commons-codec/1.11/commons-codec-1.11.jar:/Users/zhouzhixuan/.m2/repository/com/google/inject/guice/4.1.0/guice-4.1.0.jar:/Users/zhouzhixuan/.m2/repository/javax/inject/javax.inject/1/javax.inject-1.jar:/Users/zhouzhixuan/.m2/repository/aopalliance/aopalliance/1.0/aopalliance-1.0.jar:/Users/zhouzhixuan/.m2/repository/com/github/vlsi/compactmap/compactmap/1.2.1/compactmap-1.2.1.jar:/Users/zhouzhixuan/.m2/repository/com/github/andrewoma/dexx/dexx-collections/0.2/dexx-collections-0.2.jar:/Users/zhouzhixuan/.m2/repository/com/fasterxml/jackson/core/jackson-annotations/2.9.0/jackson-annotations-2.9.0.jar:/Users/zhouzhixuan/.m2/repository/com/fasterxml/jackson/core/jackson-core/2.9.3/jackson-core-2.9.3.jar:/Users/zhouzhixuan/.m2/repository/com/fasterxml/jackson/core/jackson-databind/2.9.3/jackson-databind-2.9.3.jar:/Users/zhouzhixuan/.m2/repository/com/netflix/eureka/eureka-core/1.8.7/eureka-core-1.8.7.jar:/Users/zhouzhixuan/.m2/repository/org/codehaus/woodstox/woodstox-core-asl/4.4.1/woodstox-core-asl-4.4.1.jar:/Users/zhouzhixuan/.m2/repository/javax/xml/stream/stax-api/1.0-2/stax-api-1.0-2.jar:/Users/zhouzhixuan/.m2/repository/org/codehaus/woodstox/stax2-api/3.1.4/stax2-api-3.1.4.jar:/Users/zhouzhixuan/.m2/repository/org/springframework/cloud/spring-cloud-starter-netflix-archaius/2.0.0.BUILD-SNAPSHOT/spring-cloud-starter-netflix-archaius-2.0.0.BUILD-SNAPSHOT.jar:/Users/zhouzhixuan/.m2/repository/org/springframework/cloud/spring-cloud-netflix-archaius/2.0.0.BUILD-SNAPSHOT/spring-cloud-netflix-archaius-2.0.0.BUILD-SNAPSHOT.jar:/Users/zhouzhixuan/.m2/repository/commons-configuration/commons-configuration/1.8/commons-configuration-1.8.jar:/Users/zhouzhixuan/.m2/repository/commons-lang/commons-lang/2.6/commons-lang-2.6.jar:/Users/zhouzhixuan/.m2/repository/com/google/guava/guava/18.0/guava-18.0.jar:/Users/zhouzhixuan/.m2/repository/org/springframework/cloud/spring-cloud-starter-netflix-ribbon/2.0.0.BUILD-SNAPSHOT/spring-cloud-starter-netflix-ribbon-2.0.0.BUILD-SNAPSHOT.jar:/Users/zhouzhixuan/.m2/repository/com/netflix/ribbon/ribbon/2.2.5/ribbon-2.2.5.jar:/Users/zhouzhixuan/.m2/repository/com/netflix/ribbon/ribbon-transport/2.2.5/ribbon-transport-2.2.5.jar:/Users/zhouzhixuan/.m2/repository/io/reactivex/rxnetty-contexts/0.4.9/rxnetty-contexts-0.4.9.jar:/Users/zhouzhixuan/.m2/repository/io/reactivex/rxnetty-servo/0.4.9/rxnetty-servo-0.4.9.jar:/Users/zhouzhixuan/.m2/repository/io/reactivex/rxnetty/0.4.9/rxnetty-0.4.9.jar:/Users/zhouzhixuan/.m2/repository/io/netty/netty-codec-http/4.1.23.Final/netty-codec-http-4.1.23.Final.jar:/Users/zhouzhixuan/.m2/repository/io/netty/netty-codec/4.1.23.Final/netty-codec-4.1.23.Final.jar:/Users/zhouzhixuan/.m2/repository/io/netty/netty-transport-native-epoll/4.1.23.Final/netty-transport-native-epoll-4.1.23.Final.jar:/Users/zhouzhixuan/.m2/repository/io/netty/netty-common/4.1.23.Final/netty-common-4.1.23.Final.jar:/Users/zhouzhixuan/.m2/repository/io/netty/netty-buffer/4.1.23.Final/netty-buffer-4.1.23.Final.jar:/Users/zhouzhixuan/.m2/repository/io/netty/netty-transport-native-unix-common/4.1.23.Final/netty-transport-native-unix-common-4.1.23.Final.jar:/Users/zhouzhixuan/.m2/repository/io/netty/netty-transport/4.1.23.Final/netty-transport-4.1.23.Final.jar:/Users/zhouzhixuan/.m2/repository/io/netty/netty-resolver/4.1.23.Final/netty-resolver-4.1.23.Final.jar:/Users/zhouzhixuan/.m2/repository/com/netflix/ribbon/ribbon-core/2.2.5/ribbon-core-2.2.5.jar:/Users/zhouzhixuan/.m2/repository/com/netflix/ribbon/ribbon-httpclient/2.2.5/ribbon-httpclient-2.2.5.jar:/Users/zhouzhixuan/.m2/repository/commons-collections/commons-collections/3.2.2/commons-collections-3.2.2.jar:/Users/zhouzhixuan/.m2/repository/com/netflix/netflix-commons/netflix-commons-util/0.1.1/netflix-commons-util-0.1.1.jar:/Users/zhouzhixuan/.m2/repository/com/netflix/ribbon/ribbon-loadbalancer/2.2.5/ribbon-loadbalancer-2.2.5.jar:/Users/zhouzhixuan/.m2/repository/com/netflix/netflix-commons/netflix-statistics/0.1.1/netflix-statistics-0.1.1.jar:/Users/zhouzhixuan/.m2/repository/io/reactivex/rxjava/1.3.8/rxjava-1.3.8.jar:/Users/zhouzhixuan/.m2/repository/com/netflix/ribbon/ribbon-eureka/2.2.5/ribbon-eureka-2.2.5.jar:/Users/zhouzhixuan/.m2/repository/com/thoughtworks/xstream/xstream/1.4.10/xstream-1.4.10.jar:/Users/zhouzhixuan/.m2/repository/xmlpull/xmlpull/1.1.3.1/xmlpull-1.1.3.1.jar:/Users/zhouzhixuan/.m2/repository/xpp3/xpp3_min/1.1.4c/xpp3_min-1.1.4c.jar:/Users/zhouzhixuan/.m2/repository/org/springframework/cloud/spring-cloud-starter-netflix-hystrix/2.0.0.BUILD-SNAPSHOT/spring-cloud-starter-netflix-hystrix-2.0.0.BUILD-SNAPSHOT.jar:/Users/zhouzhixuan/.m2/repository/org/springframework/cloud/spring-cloud-netflix-ribbon/2.0.0.BUILD-SNAPSHOT/spring-cloud-netflix-ribbon-2.0.0.BUILD-SNAPSHOT.jar:/Users/zhouzhixuan/.m2/repository/com/netflix/hystrix/hystrix-core/1.5.12/hystrix-core-1.5.12.jar:/Users/zhouzhixuan/.m2/repository/org/hdrhistogram/HdrHistogram/2.1.9/HdrHistogram-2.1.9.jar:/Users/zhouzhixuan/.m2/repository/com/netflix/hystrix/hystrix-serialization/1.5.12/hystrix-serialization-1.5.12.jar:/Users/zhouzhixuan/.m2/repository/com/fasterxml/jackson/module/jackson-module-afterburner/2.9.3/jackson-module-afterburner-2.9.3.jar:/Users/zhouzhixuan/.m2/repository/com/netflix/hystrix/hystrix-metrics-event-stream/1.5.12/hystrix-metrics-event-stream-1.5.12.jar:/Users/zhouzhixuan/.m2/repository/com/netflix/hystrix/hystrix-javanica/1.5.12/hystrix-javanica-1.5.12.jar:/Users/zhouzhixuan/.m2/repository/org/apache/commons/commons-lang3/3.7/commons-lang3-3.7.jar:/Users/zhouzhixuan/.m2/repository/org/ow2/asm/asm/5.0.4/asm-5.0.4.jar:/Users/zhouzhixuan/.m2/repository/org/aspectj/aspectjweaver/1.8.13/aspectjweaver-1.8.13.jar:/Users/zhouzhixuan/.m2/repository/io/reactivex/rxjava-reactive-streams/1.2.1/rxjava-reactive-streams-1.2.1.jar:/Users/zhouzhixuan/.m2/repository/org/reactivestreams/reactive-streams/1.0.2/reactive-streams-1.0.2.jar:/Users/zhouzhixuan/.m2/repository/org/springframework/cloud/spring-cloud-starter-openfeign/2.0.0.BUILD-SNAPSHOT/spring-cloud-starter-openfeign-2.0.0.BUILD-SNAPSHOT.jar:/Users/zhouzhixuan/.m2/repository/org/springframework/cloud/spring-cloud-openfeign-core/2.0.0.BUILD-SNAPSHOT/spring-cloud-openfeign-core-2.0.0.BUILD-SNAPSHOT.jar:/Users/zhouzhixuan/.m2/repository/org/springframework/spring-web/5.0.5.RELEASE/spring-web-5.0.5.RELEASE.jar:/Users/zhouzhixuan/.m2/repository/org/springframework/cloud/spring-cloud-commons/2.0.0.BUILD-SNAPSHOT/spring-cloud-commons-2.0.0.BUILD-SNAPSHOT.jar:/Users/zhouzhixuan/.m2/repository/org/springframework/security/spring-security-crypto/5.0.4.RELEASE/spring-security-crypto-5.0.4.RELEASE.jar:/Users/zhouzhixuan/.m2/repository/io/github/openfeign/feign-core/9.5.1/feign-core-9.5.1.jar:/Users/zhouzhixuan/.m2/repository/io/github/openfeign/feign-slf4j/9.5.1/feign-slf4j-9.5.1.jar:/Users/zhouzhixuan/.m2/repository/io/github/openfeign/feign-hystrix/9.5.1/feign-hystrix-9.5.1.jar:/Users/zhouzhixuan/.m2/repository/io/github/openfeign/feign-java8/9.5.1/feign-java8-9.5.1.jar:/Users/zhouzhixuan/.m2/repository/org/springframework/boot/spring-boot-starter-web/2.0.1.RELEASE/spring-boot-starter-web-2.0.1.RELEASE.jar:/Users/zhouzhixuan/.m2/repository/org/springframework/boot/spring-boot-starter-json/2.0.1.RELEASE/spring-boot-starter-json-2.0.1.RELEASE.jar:/Users/zhouzhixuan/.m2/repository/com/fasterxml/jackson/datatype/jackson-datatype-jdk8/2.9.3/jackson-datatype-jdk8-2.9.3.jar:/Users/zhouzhixuan/.m2/repository/com/fasterxml/jackson/datatype/jackson-datatype-jsr310/2.9.3/jackson-datatype-jsr310-2.9.3.jar:/Users/zhouzhixuan/.m2/repository/com/fasterxml/jackson/module/jackson-module-parameter-names/2.9.3/jackson-module-parameter-names-2.9.3.jar:/Users/zhouzhixuan/.m2/repository/org/springframework/boot/spring-boot-starter-tomcat/2.0.1.RELEASE/spring-boot-starter-tomcat-2.0.1.RELEASE.jar:/Users/zhouzhixuan/.m2/repository/org/apache/tomcat/embed/tomcat-embed-core/8.5.29/tomcat-embed-core-8.5.29.jar:/Users/zhouzhixuan/.m2/repository/org/apache/tomcat/embed/tomcat-embed-el/8.5.29/tomcat-embed-el-8.5.29.jar:/Users/zhouzhixuan/.m2/repository/org/apache/tomcat/embed/tomcat-embed-websocket/8.5.29/tomcat-embed-websocket-8.5.29.jar:/Users/zhouzhixuan/.m2/repository/org/hibernate/validator/hibernate-validator/6.0.9.Final/hibernate-validator-6.0.9.Final.jar:/Users/zhouzhixuan/.m2/repository/javax/validation/validation-api/2.0.1.Final/validation-api-2.0.1.Final.jar:/Users/zhouzhixuan/.m2/repository/org/jboss/logging/jboss-logging/3.3.2.Final/jboss-logging-3.3.2.Final.jar:/Users/zhouzhixuan/.m2/repository/com/fasterxml/classmate/1.3.4/classmate-1.3.4.jar:/Users/zhouzhixuan/.m2/repository/org/springframework/spring-webmvc/5.0.5.RELEASE/spring-webmvc-5.0.5.RELEASE.jar:/Users/zhouzhixuan/.m2/repository/org/springframework/spring-aop/5.0.5.RELEASE/spring-aop-5.0.5.RELEASE.jar:/Users/zhouzhixuan/.m2/repository/org/springframework/spring-context/5.0.5.RELEASE/spring-context-5.0.5.RELEASE.jar:/Users/zhouzhixuan/.m2/repository/org/springframework/spring-expression/5.0.5.RELEASE/spring-expression-5.0.5.RELEASE.jar:/Users/zhouzhixuan/.m2/repository/mysql/mysql-connector-java/5.1.46/mysql-connector-java-5.1.46.jar:/Users/zhouzhixuan/.m2/repository/com/zaxxer/HikariCP/2.7.8/HikariCP-2.7.8.jar:/Users/zhouzhixuan/.m2/repository/org/slf4j/slf4j-api/1.7.25/slf4j-api-1.7.25.jar:/Users/zhouzhixuan/.m2/repository/org/springframework/boot/spring-boot-configuration-processor/2.0.1.RELEASE/spring-boot-configuration-processor-2.0.1.RELEASE.jar:/Users/zhouzhixuan/.m2/repository/org/projectlombok/lombok/1.16.20/lombok-1.16.20.jar:/Users/zhouzhixuan/.m2/repository/org/springframework/boot/spring-boot-starter-test/2.0.1.RELEASE/spring-boot-starter-test-2.0.1.RELEASE.jar:/Users/zhouzhixuan/.m2/repository/org/springframework/boot/spring-boot-test/2.0.1.RELEASE/spring-boot-test-2.0.1.RELEASE.jar:/Users/zhouzhixuan/.m2/repository/org/springframework/boot/spring-boot-test-autoconfigure/2.0.1.RELEASE/spring-boot-test-autoconfigure-2.0.1.RELEASE.jar:/Users/zhouzhixuan/.m2/repository/com/jayway/jsonpath/json-path/2.4.0/json-path-2.4.0.jar:/Users/zhouzhixuan/.m2/repository/net/minidev/json-smart/2.3/json-smart-2.3.jar:/Users/zhouzhixuan/.m2/repository/net/minidev/accessors-smart/1.2/accessors-smart-1.2.jar:/Users/zhouzhixuan/.m2/repository/org/assertj/assertj-core/3.9.1/assertj-core-3.9.1.jar:/Users/zhouzhixuan/.m2/repository/org/mockito/mockito-core/2.15.0/mockito-core-2.15.0.jar:/Users/zhouzhixuan/.m2/repository/net/bytebuddy/byte-buddy/1.7.11/byte-buddy-1.7.11.jar:/Users/zhouzhixuan/.m2/repository/net/bytebuddy/byte-buddy-agent/1.7.11/byte-buddy-agent-1.7.11.jar:/Users/zhouzhixuan/.m2/repository/org/objenesis/objenesis/2.6/objenesis-2.6.jar:/Users/zhouzhixuan/.m2/repository/org/hamcrest/hamcrest-core/1.3/hamcrest-core-1.3.jar:/Users/zhouzhixuan/.m2/repository/org/hamcrest/hamcrest-library/1.3/hamcrest-library-1.3.jar:/Users/zhouzhixuan/.m2/repository/org/skyscreamer/jsonassert/1.5.0/jsonassert-1.5.0.jar:/Users/zhouzhixuan/.m2/repository/com/vaadin/external/google/android-json/0.0.20131108.vaadin1/android-json-0.0.20131108.vaadin1.jar:/Users/zhouzhixuan/.m2/repository/org/springframework/spring-core/5.0.5.RELEASE/spring-core-5.0.5.RELEASE.jar:/Users/zhouzhixuan/.m2/repository/org/springframework/spring-jcl/5.0.5.RELEASE/spring-jcl-5.0.5.RELEASE.jar:/Users/zhouzhixuan/.m2/repository/org/springframework/spring-test/5.0.5.RELEASE/spring-test-5.0.5.RELEASE.jar:/Users/zhouzhixuan/.m2/repository/org/xmlunit/xmlunit-core/2.5.1/xmlunit-core-2.5.1.jar:/Users/zhouzhixuan/.m2/repository/junit/junit/4.12/junit-4.12.jar:/Users/zhouzhixuan/.m2/repository/javax/servlet/javax.servlet-api/3.1.0/javax.servlet-api-3.1.0.jar:/Users/zhouzhixuan/.m2/repository/com/google/code/gson/gson/2.8.2/gson-2.8.2.jar:/Users/zhouzhixuan/.m2/repository/commons-fileupload/commons-fileupload/1.3.3/commons-fileupload-1.3.3.jar:/Users/zhouzhixuan/.m2/repository/commons-io/commons-io/2.2/commons-io-2.2.jar:, java.specification.name=Java Platform API Specification, java.class.version=52.0, sun.management.compiler=HotSpot 64-Bit Tiered Compilers, os.version=10.12.6, http.nonProxyHosts=192.168.0.0/16|*.192.168.0.0/16|10.0.0.0/8|*.10.0.0.0/8|172.16.0.0/12|*.172.16.0.0/12|127.0.0.1|localhost|*.localhost|local|*.local, user.home=/Users/zhouzhixuan, user.timezone=Asia/Shanghai, java.awt.printerjob=sun.lwawt.macosx.CPrinterJob, file.encoding=UTF-8, java.specification.version=1.8, java.class.path=/Users/zhouzhixuan/IdeaProjects/ECC/central-services/user-service/target/test-classes:/Users/zhouzhixuan/IdeaProjects/ECC/central-services/user-service/target/classes:/Users/zhouzhixuan/.m2/repository/org/springframework/boot/spring-boot-starter-jdbc/2.0.1.RELEASE/spring-boot-starter-jdbc-2.0.1.RELEASE.jar:/Users/zhouzhixuan/.m2/repository/org/springframework/boot/spring-boot-starter/2.0.1.RELEASE/spring-boot-starter-2.0.1.RELEASE.jar:/Users/zhouzhixuan/.m2/repository/org/springframework/boot/spring-boot/2.0.1.RELEASE/spring-boot-2.0.1.RELEASE.jar:/Users/zhouzhixuan/.m2/repository/org/springframework/boot/spring-boot-autoconfigure/2.0.1.RELEASE/spring-boot-autoconfigure-2.0.1.RELEASE.jar:/Users/zhouzhixuan/.m2/repository/org/springframework/boot/spring-boot-starter-logging/2.0.1.RELEASE/spring-boot-starter-logging-2.0.1.RELEASE.jar:/Users/zhouzhixuan/.m2/repository/ch/qos/logback/logback-classic/1.2.3/logback-classic-1.2.3.jar:/Users/zhouzhixuan/.m2/repository/ch/qos/logback/logback-core/1.2.3/logback-core-1.2.3.jar:/Users/zhouzhixuan/.m2/repository/org/apache/logging/log4j/log4j-to-slf4j/2.10.0/log4j-to-slf4j-2.10.0.jar:/Users/zhouzhixuan/.m2/repository/org/apache/logging/log4j/log4j-api/2.10.0/log4j-api-2.10.0.jar:/Users/zhouzhixuan/.m2/repository/org/slf4j/jul-to-slf4j/1.7.25/jul-to-slf4j-1.7.25.jar:/Users/zhouzhixuan/.m2/repository/javax/annotation/javax.annotation-api/1.3.2/javax.annotation-api-1.3.2.jar:/Users/zhouzhixuan/.m2/repository/org/yaml/snakeyaml/1.19/snakeyaml-1.19.jar:/Users/zhouzhixuan/.m2/repository/org/springframework/spring-jdbc/5.0.5.RELEASE/spring-jdbc-5.0.5.RELEASE.jar:/Users/zhouzhixuan/.m2/repository/org/springframework/spring-beans/5.0.5.RELEASE/spring-beans-5.0.5.RELEASE.jar:/Users/zhouzhixuan/.m2/repository/org/springframework/spring-tx/5.0.5.RELEASE/spring-tx-5.0.5.RELEASE.jar:/Users/zhouzhixuan/.m2/repository/org/mybatis/spring/boot/mybatis-spring-boot-starter/1.3.2/mybatis-spring-boot-starter-1.3.2.jar:/Users/zhouzhixuan/.m2/repository/org/mybatis/spring/boot/mybatis-spring-boot-autoconfigure/1.3.2/mybatis-spring-boot-autoconfigure-1.3.2.jar:/Users/zhouzhixuan/.m2/repository/org/mybatis/mybatis/3.4.6/mybatis-3.4.6.jar:/Users/zhouzhixuan/.m2/repository/org/mybatis/mybatis-spring/1.3.2/mybatis-spring-1.3.2.jar:/Users/zhouzhixuan/.m2/repository/org/springframework/cloud/spring-cloud-starter-
[...]
	at org.apache.maven.surefire.booter.ForkedBooter.main(ForkedBooter.java:413) [surefire-booter-2.21.0.jar:2.21.0]
Caused by: org.springframework.beans.factory.UnsatisfiedDependencyException: Error creating bean with name 'org.springframework.cloud.netflix.eureka.EurekaDiscoveryClientConfiguration$EurekaClientConfigurationRefresher': Unsatisfied dependency expressed through field 'autoRegistration'; nested exception is org.springframework.beans.factory.UnsatisfiedDependencyException: Error creating bean with name 'eurekaAutoServiceRegistration' defined in class path resource [org/springframework/cloud/netflix/eureka/EurekaClientAutoConfiguration.class]: Unsatisfied dependency expressed through method 'eurekaAutoServiceRegistration' parameter 2; nested exception is org.springframework.beans.factory.UnsatisfiedDependencyException: Error creating bean with name 'eurekaRegistration' defined in class path resource [org/springframework/cloud/netflix/eureka/EurekaClientAutoConfiguration.class]: Unsatisfied dependency expressed through method 'eurekaRegistration' parameter 1; nested exception is org.springframework.beans.factory.BeanCreationException: Error creating bean with name 'eurekaInstanceConfigBean' defined in class path resource [org/springframework/cloud/netflix/eureka/EurekaClientAutoConfiguration.class]: Bean instantiation via factory method failed; nested exception is org.springframework.beans.BeanInstantiationException: Failed to instantiate [org.springframework.cloud.netflix.eureka.EurekaInstanceConfigBean]: Factory method 'eurekaInstanceConfigBean' threw exception; nested exception is java.lang.IllegalArgumentException: Could not resolve placeholder 'spring.cloud.client.ipAddress' in value "${spring.cloud.client.ipAddress}"
	at org.springframework.beans.factory.annotation.AutowiredAnnotationBeanPostProcessor$AutowiredFieldElement.inject(AutowiredAnnotationBeanPostProcessor.java:587) ~[spring-beans-5.0.5.RELEASE.jar:5.0.5.RELEASE]
	at org.springframework.beans.factory.annotation.InjectionMetadata.inject(InjectionMetadata.java:91) ~[spring-beans-5.0.5.RELEASE.jar:5.0.5.RELEASE]
	at org.springframework.beans.factory.annotation.AutowiredAnnotationBeanPostProcessor.postProcessPropertyValues(AutowiredAnnotationBeanPostProcessor.java:373) ~[spring-beans-5.0.5.RELEASE.jar:5.0.5.RELEASE]
	at org.springframework.beans.factory.support.AbstractAutowireCapableBeanFactory.populateBean(AbstractAutowireCapableBeanFactory.java:1344) ~[spring-beans-5.0.5.RELEASE.jar:5.0.5.RELEASE]
	at org.springframework.beans.factory.support.AbstractAutowireCapableBeanFactory.doCreateBean(AbstractAutowireCapableBeanFactory.java:578) ~[spring-beans-5.0.5.RELEASE.jar:5.0.5.RELEASE]
	at org.springframework.beans.factory.support.AbstractAutowireCapableBeanFactory.createBean(AbstractAutowireCapableBeanFactory.java:501) ~[spring-beans-5.0.5.RELEASE.jar:5.0.5.RELEASE]
	at org.springframework.beans.factory.support.AbstractBeanFactory.lambda$doGetBean$0(AbstractBeanFactory.java:317) ~[spring-beans-5.0.5.RELEASE.jar:5.0.5.RELEASE]
	at org.springframework.beans.factory.support.DefaultSingletonBeanRegistry.getSingleton(DefaultSingletonBeanRegistry.java:228) ~[spring-beans-5.0.5.RELEASE.jar:5.0.5.RELEASE]
	at org.springframework.beans.factory.support.AbstractBeanFactory.doGetBean(AbstractBeanFactory.java:315) ~[spring-beans-5.0.5.RELEASE.jar:5.0.5.RELEASE]
	at org.springframework.beans.factory.support.AbstractBeanFactory.getBean(AbstractBeanFactory.java:199) ~[spring-beans-5.0.5.RELEASE.jar:5.0.5.RELEASE]
	at org.springframework.beans.factory.support.DefaultListableBeanFactory.preInstantiateSingletons(DefaultListableBeanFactory.java:760) ~[spring-beans-5.0.5.RELEASE.jar:5.0.5.RELEASE]
	at org.springframework.context.support.AbstractApplicationContext.finishBeanFactoryInitialization(AbstractApplicationContext.java:869) ~[spring-context-5.0.5.RELEASE.jar:5.0.5.RELEASE]
	at org.springframework.context.support.AbstractApplicationContext.refresh(AbstractApplicationContext.java:550) ~[spring-context-5.0.5.RELEASE.jar:5.0.5.RELEASE]
	at org.springframework.boot.SpringApplication.refresh(SpringApplication.java:759) ~[spring-boot-2.0.1.RELEASE.jar:2.0.1.RELEASE]
	at org.springframework.boot.SpringApplication.refreshContext(SpringApplication.java:395) ~[spring-boot-2.0.1.RELEASE.jar:2.0.1.RELEASE]
	at org.springframework.boot.SpringApplication.run(SpringApplication.java:327) ~[spring-boot-2.0.1.RELEASE.jar:2.0.1.RELEASE]
	at org.springframework.boot.test.context.SpringBootContextLoader.loadContext(SpringBootContextLoader.java:138) ~[spring-boot-test-2.0.1.RELEASE.jar:2.0.1.RELEASE]
	at org.springframework.test.context.cache.DefaultCacheAwareContextLoaderDelegate.loadContextInternal(DefaultCacheAwareContextLoaderDelegate.java:99) ~[spring-test-5.0.5.RELEASE.jar:5.0.5.RELEASE]
	at org.springframework.test.context.cache.DefaultCacheAwareContextLoaderDelegate.loadContext(DefaultCacheAwareContextLoaderDelegate.java:117) ~[spring-test-5.0.5.RELEASE.jar:5.0.5.RELEASE]
	... 27 common frames omitted
Caused by: org.springframework.beans.factory.UnsatisfiedDependencyException: Error creating bean with name 'eurekaAutoServiceRegistration' defined in class path resource [org/springframework/cloud/netflix/eureka/EurekaClientAutoConfiguration.class]: Unsatisfied dependency expressed through method 'eurekaAutoServiceRegistration' parameter 2; nested exception is org.springframework.beans.factory.UnsatisfiedDependencyException: Error creating bean with name 'eurekaRegistration' defined in class path resource [org/springframework/cloud/netflix/eureka/EurekaClientAutoConfiguration.class]: Unsatisfied dependency expressed through method 'eurekaRegistration' parameter 1; nested exception is org.springframework.beans.factory.BeanCreationException: Error creating bean with name 'eurekaInstanceConfigBean' defined in class path resource [org/springframework/cloud/netflix/eureka/EurekaClientAutoConfiguration.class]: Bean instantiation via factory method failed; nested exception is org.springframework.beans.BeanInstantiationException: Failed to instantiate [org.springframework.cloud.netflix.eureka.EurekaInstanceConfigBean]: Factory method 'eurekaInstanceConfigBean' threw exception; nested exception is java.lang.IllegalArgumentException: Could not resolve placeholder 'spring.cloud.client.ipAddress' in value "${spring.cloud.client.ipAddress}"
	at org.springframework.beans.factory.support.ConstructorResolver.createArgumentArray(ConstructorResolver.java:729) ~[spring-beans-5.0.5.RELEASE.jar:5.0.5.RELEASE]
	at org.springframework.beans.factory.support.ConstructorResolver.instantiateUsingFactoryMethod(ConstructorResolver.java:470) ~[spring-beans-5.0.5.RELEASE.jar:5.0.5.RELEASE]
	at org.springframework.beans.factory.support.AbstractAutowireCapableBeanFactory.instantiateUsingFactoryMethod(AbstractAutowireCapableBeanFactory.java:1250) ~[spring-beans-5.0.5.RELEASE.jar:5.0.5.RELEASE]
	at org.springframework.beans.factory.support.AbstractAutowireCapableBeanFactory.createBeanInstance(AbstractAutowireCapableBeanFactory.java:1099) ~[spring-beans-5.0.5.RELEASE.jar:5.0.5.RELEASE]
	at org.springframework.beans.factory.support.AbstractAutowireCapableBeanFactory.doCreateBean(AbstractAutowireCapableBeanFactory.java:541) ~[spring-beans-5.0.5.RELEASE.jar:5.0.5.RELEASE]
	at org.springframework.beans.factory.support.AbstractAutowireCapableBeanFactory.createBean(AbstractAutowireCapableBeanFactory.java:501) ~[spring-beans-5.0.5.RELEASE.jar:5.0.5.RELEASE]
	at org.springframework.beans.factory.support.AbstractBeanFactory.lambda$doGetBean$0(AbstractBeanFactory.java:317) ~[spring-beans-5.0.5.RELEASE.jar:5.0.5.RELEASE]
	at org.springframework.beans.factory.support.DefaultSingletonBeanRegistry.getSingleton(DefaultSingletonBeanRegistry.java:228) ~[spring-beans-5.0.5.RELEASE.jar:5.0.5.RELEASE]
	at org.springframework.beans.factory.support.AbstractBeanFactory.doGetBean(AbstractBeanFactory.java:315) ~[spring-beans-5.0.5.RELEASE.jar:5.0.5.RELEASE]
	at org.springframework.beans.factory.support.AbstractBeanFactory.getBean(AbstractBeanFactory.java:199) ~[spring-beans-5.0.5.RELEASE.jar:5.0.5.RELEASE]
	at org.springframework.beans.factory.config.DependencyDescriptor.resolveCandidate(DependencyDescriptor.java:251) ~[spring-beans-5.0.5.RELEASE.jar:5.0.5.RELEASE]
	at org.springframework.beans.factory.support.DefaultListableBeanFactory.doResolveDependency(DefaultListableBeanFactory.java:1138) ~[spring-beans-5.0.5.RELEASE.jar:5.0.5.RELEASE]
	at org.springframework.beans.factory.support.DefaultListableBeanFactory.resolveDependency(DefaultListableBeanFactory.java:1065) ~[spring-beans-5.0.5.RELEASE.jar:5.0.5.RELEASE]
	at org.springframework.beans.factory.annotation.AutowiredAnnotationBeanPostProcessor$AutowiredFieldElement.inject(AutowiredAnnotationBeanPostProcessor.java:584) ~[spring-beans-5.0.5.RELEASE.jar:5.0.5.RELEASE]
	... 45 common frames omitted
Caused by: org.springframework.beans.factory.UnsatisfiedDependencyException: Error creating bean with name 'eurekaRegistration' defined in class path resource [org/springframework/cloud/netflix/eureka/EurekaClientAutoConfiguration.class]: Unsatisfied dependency expressed through method 'eurekaRegistration' parameter 1; nested exception is org.springframework.beans.factory.BeanCreationException: Error creating bean with name 'eurekaInstanceConfigBean' defined in class path resource [org/springframework/cloud/netflix/eureka/EurekaClientAutoConfiguration.class]: Bean instantiation via factory method failed; nested exception is org.springframework.beans.BeanInstantiationException: Failed to instantiate [org.springframework.cloud.netflix.eureka.EurekaInstanceConfigBean]: Factory method 'eurekaInstanceConfigBean' threw exception; nested exception is java.lang.IllegalArgumentException: Could not resolve placeholder 'spring.cloud.client.ipAddress' in value "${spring.cloud.client.ipAddress}"
	at org.springframework.beans.factory.support.ConstructorResolver.createArgumentArray(ConstructorResolver.java:729) ~[spring-beans-5.0.5.RELEASE.jar:5.0.5.RELEASE]
	at org.springframework.beans.factory.support.ConstructorResolver.instantiateUsingFactoryMethod(ConstructorResolver.java:470) ~[spring-beans-5.0.5.RELEASE.jar:5.0.5.RELEASE]
	at org.springframework.beans.factory.support.AbstractAutowireCapableBeanFactory.instantiateUsingFactoryMethod(AbstractAutowireCapableBeanFactory.java:1250) ~[spring-beans-5.0.5.RELEASE.jar:5.0.5.RELEASE]
	at org.springframework.beans.factory.support.AbstractAutowireCapableBeanFactory.createBeanInstance(AbstractAutowireCapableBeanFactory.java:1099) ~[spring-beans-5.0.5.RELEASE.jar:5.0.5.RELEASE]
	at org.springframework.beans.factory.support.AbstractAutowireCapableBeanFactory.doCreateBean(AbstractAutowireCapableBeanFactory.java:541) ~[spring-beans-5.0.5.RELEASE.jar:5.0.5.RELEASE]
	at org.springframework.beans.factory.support.AbstractAutowireCapableBeanFactory.createBean(AbstractAutowireCapableBeanFactory.java:501) ~[spring-beans-5.0.5.RELEASE.jar:5.0.5.RELEASE]
	at org.springframework.beans.factory.support.AbstractBeanFactory.lambda$doGetBean$0(AbstractBeanFactory.java:317) ~[spring-beans-5.0.5.RELEASE.jar:5.0.5.RELEASE]
	at org.springframework.beans.factory.support.DefaultSingletonBeanRegistry.getSingleton(DefaultSingletonBeanRegistry.java:228) ~[spring-beans-5.0.5.RELEASE.jar:5.0.5.RELEASE]
	at org.springframework.beans.factory.support.AbstractBeanFactory.doGetBean(AbstractBeanFactory.java:315) ~[spring-beans-5.0.5.RELEASE.jar:5.0.5.RELEASE]
	at org.springframework.beans.factory.support.AbstractBeanFactory.getBean(AbstractBeanFactory.java:199) ~[spring-beans-5.0.5.RELEASE.jar:5.0.5.RELEASE]
	at org.springframework.beans.factory.config.DependencyDescriptor.resolveCandidate(DependencyDescriptor.java:251) ~[spring-beans-5.0.5.RELEASE.jar:5.0.5.RELEASE]
	at org.springframework.beans.factory.support.DefaultListableBeanFactory.doResolveDependency(DefaultListableBeanFactory.java:1138) ~[spring-beans-5.0.5.RELEASE.jar:5.0.5.RELEASE]
	at org.springframework.beans.factory.support.DefaultListableBeanFactory.resolveDependency(DefaultListableBeanFactory.java:1065) ~[spring-beans-5.0.5.RELEASE.jar:5.0.5.RELEASE]
	at org.springframework.beans.factory.support.ConstructorResolver.resolveAutowiredArgument(ConstructorResolver.java:815) ~[spring-beans-5.0.5.RELEASE.jar:5.0.5.RELEASE]
	at org.springframework.beans.factory.support.ConstructorResolver.createArgumentArray(ConstructorResolver.java:721) ~[spring-beans-5.0.5.RELEASE.jar:5.0.5.RELEASE]
	... 58 common frames omitted
Caused by: org.springframework.beans.factory.BeanCreationException: Error creating bean with name 'eurekaInstanceConfigBean' defined in class path resource [org/springframework/cloud/netflix/eureka/EurekaClientAutoConfiguration.class]: Bean instantiation via factory method failed; nested exception is org.springframework.beans.BeanInstantiationException: Failed to instantiate [org.springframework.cloud.netflix.eureka.EurekaInstanceConfigBean]: Factory method 'eurekaInstanceConfigBean' threw exception; nested exception is java.lang.IllegalArgumentException: Could not resolve placeholder 'spring.cloud.client.ipAddress' in value "${spring.cloud.client.ipAddress}"
	at org.springframework.beans.factory.support.ConstructorResolver.instantiateUsingFactoryMethod(ConstructorResolver.java:587) ~[spring-beans-5.0.5.RELEASE.jar:5.0.5.RELEASE]
	at org.springframework.beans.factory.support.AbstractAutowireCapableBeanFactory.instantiateUsingFactoryMethod(AbstractAutowireCapableBeanFactory.java:1250) ~[spring-beans-5.0.5.RELEASE.jar:5.0.5.RELEASE]
	at org.springframework.beans.factory.support.AbstractAutowireCapableBeanFactory.createBeanInstance(AbstractAutowireCapableBeanFactory.java:1099) ~[spring-beans-5.0.5.RELEASE.jar:5.0.5.RELEASE]
	at org.springframework.beans.factory.support.AbstractAutowireCapableBeanFactory.doCreateBean(AbstractAutowireCapableBeanFactory.java:541) ~[spring-beans-5.0.5.RELEASE.jar:5.0.5.RELEASE]
	at org.springframework.beans.factory.support.AbstractAutowireCapableBeanFactory.createBean(AbstractAutowireCapableBeanFactory.java:501) ~[spring-beans-5.0.5.RELEASE.jar:5.0.5.RELEASE]
	at org.springframework.beans.factory.support.AbstractBeanFactory.lambda$doGetBean$0(AbstractBeanFactory.java:317) ~[spring-beans-5.0.5.RELEASE.jar:5.0.5.RELEASE]
	at org.springframework.beans.factory.support.DefaultSingletonBeanRegistry.getSingleton(DefaultSingletonBeanRegistry.java:228) ~[spring-beans-5.0.5.RELEASE.jar:5.0.5.RELEASE]
	at org.springframework.beans.factory.support.AbstractBeanFactory.doGetBean(AbstractBeanFactory.java:315) ~[spring-beans-5.0.5.RELEASE.jar:5.0.5.RELEASE]
	at org.springframework.beans.factory.support.AbstractBeanFactory.getBean(AbstractBeanFactory.java:199) ~[spring-beans-5.0.5.RELEASE.jar:5.0.5.RELEASE]
	at org.springframework.beans.factory.config.DependencyDescriptor.resolveCandidate(DependencyDescriptor.java:251) ~[spring-beans-5.0.5.RELEASE.jar:5.0.5.RELEASE]
	at org.springframework.beans.factory.support.DefaultListableBeanFactory.doResolveDependency(DefaultListableBeanFactory.java:1138) ~[spring-beans-5.0.5.RELEASE.jar:5.0.5.RELEASE]
	at org.springframework.beans.factory.support.DefaultListableBeanFactory.resolveDependency(DefaultListableBeanFactory.java:1065) ~[spring-beans-5.0.5.RELEASE.jar:5.0.5.RELEASE]
	at org.springframework.beans.factory.support.ConstructorResolver.resolveAutowiredArgument(ConstructorResolver.java:815) ~[spring-beans-5.0.5.RELEASE.jar:5.0.5.RELEASE]
	at org.springframework.beans.factory.support.ConstructorResolver.createArgumentArray(ConstructorResolver.java:721) ~[spring-beans-5.0.5.RELEASE.jar:5.0.5.RELEASE]
	... 72 common frames omitted
Caused by: org.springframework.beans.BeanInstantiationException: Failed to instantiate [org.springframework.cloud.netflix.eureka.EurekaInstanceConfigBean]: Factory method 'eurekaInstanceConfigBean' threw exception; nested exception is java.lang.IllegalArgumentException: Could not resolve placeholder 'spring.cloud.client.ipAddress' in value "${spring.cloud.client.ipAddress}"
	at org.springframework.beans.factory.support.SimpleInstantiationStrategy.instantiate(SimpleInstantiationStrategy.java:185) ~[spring-beans-5.0.5.RELEASE.jar:5.0.5.RELEASE]
	at org.springframework.beans.factory.support.ConstructorResolver.instantiateUsingFactoryMethod(ConstructorResolver.java:579) ~[spring-beans-5.0.5.RELEASE.jar:5.0.5.RELEASE]
	... 85 common frames omitted
Caused by: java.lang.IllegalArgumentException: Could not resolve placeholder 'spring.cloud.client.ipAddress' in value "${spring.cloud.client.ipAddress}"
	at org.springframework.util.PropertyPlaceholderHelper.parseStringValue(PropertyPlaceholderHelper.java:172) ~[spring-core-5.0.5.RELEASE.jar:5.0.5.RELEASE]
	at org.springframework.util.PropertyPlaceholderHelper.replacePlaceholders(PropertyPlaceholderHelper.java:124) ~[spring-core-5.0.5.RELEASE.jar:5.0.5.RELEASE]
	at org.springframework.core.env.AbstractPropertyResolver.doResolvePlaceholders(AbstractPropertyResolver.java:237) ~[spring-core-5.0.5.RELEASE.jar:5.0.5.RELEASE]
	at org.springframework.core.env.AbstractPropertyResolver.resolveRequiredPlaceholders(AbstractPropertyResolver.java:211) ~[spring-core-5.0.5.RELEASE.jar:5.0.5.RELEASE]
	at org.springframework.core.env.AbstractPropertyResolver.resolveNestedPlaceholders(AbstractPropertyResolver.java:228) ~[spring-core-5.0.5.RELEASE.jar:5.0.5.RELEASE]
	at org.springframework.core.env.PropertySourcesPropertyResolver.getProperty(PropertySourcesPropertyResolver.java:88) ~[spring-core-5.0.5.RELEASE.jar:5.0.5.RELEASE]
	at org.springframework.core.env.PropertySourcesPropertyResolver.getProperty(PropertySourcesPropertyResolver.java:62) ~[spring-core-5.0.5.RELEASE.jar:5.0.5.RELEASE]
	at org.springframework.core.env.AbstractEnvironment.getProperty(AbstractEnvironment.java:531) ~[spring-core-5.0.5.RELEASE.jar:5.0.5.RELEASE]
	at org.springframework.cloud.netflix.eureka.EurekaClientAutoConfiguration.getProperty(EurekaClientAutoConfiguration.java:128) ~[spring-cloud-netflix-eureka-client-2.0.0.BUILD-SNAPSHOT.jar:2.0.0.BUILD-SNAPSHOT]
	at org.springframework.cloud.netflix.eureka.EurekaClientAutoConfiguration.eurekaInstanceConfigBean(EurekaClientAutoConfiguration.java:135) ~[spring-cloud-netflix-eureka-client-2.0.0.BUILD-SNAPSHOT.jar:2.0.0.BUILD-SNAPSHOT]
	at org.springframework.cloud.netflix.eureka.EurekaClientAutoConfiguration$$EnhancerBySpringCGLIB$$b796055b.CGLIB$eurekaInstanceConfigBean$1(<generated>) ~[spring-cloud-netflix-eureka-client-2.0.0.BUILD-SNAPSHOT.jar:2.0.0.BUILD-SNAPSHOT]
	at org.springframework.cloud.netflix.eureka.EurekaClientAutoConfiguration$$EnhancerBySpringCGLIB$$b796055b$$FastClassBySpringCGLIB$$82df3cd3.invoke(<generated>) ~[spring-cloud-netflix-eureka-client-2.0.0.BUILD-SNAPSHOT.jar:2.0.0.BUILD-SNAPSHOT]
	at org.springframework.cglib.proxy.MethodProxy.invokeSuper(MethodProxy.java:228) ~[spring-core-5.0.5.RELEASE.jar:5.0.5.RELEASE]
	at org.springframework.context.annotation.ConfigurationClassEnhancer$BeanMethodInterceptor.intercept(ConfigurationClassEnhancer.java:361) ~[spring-context-5.0.5.RELEASE.jar:5.0.5.RELEASE]
	at org.springframework.cloud.netflix.eureka.EurekaClientAutoConfiguration$$EnhancerBySpringCGLIB$$b796055b.eurekaInstanceConfigBean(<generated>) ~[spring-cloud-netflix-eureka-client-2.0.0.BUILD-SNAPSHOT.jar:2.0.0.BUILD-SNAPSHOT]
	at sun.reflect.NativeMethodAccessorImpl.invoke0(Native Method) ~[na:1.8.0_111]
	at sun.reflect.NativeMethodAccessorImpl.invoke(NativeMethodAccessorImpl.java:62) ~[na:1.8.0_111]
	at sun.reflect.DelegatingMethodAccessorImpl.invoke(DelegatingMethodAccessorImpl.java:43) ~[na:1.8.0_111]
	at java.lang.reflect.Method.invoke(Method.java:498) ~[na:1.8.0_111]
	at org.springframework.beans.factory.support.SimpleInstantiationStrategy.instantiate(SimpleInstantiationStrategy.java:154) ~[spring-beans-5.0.5.RELEASE.jar:5.0.5.RELEASE]
	... 86 common frames omitted

]]></system-out>
  </testcase>
</testsuite>